{"/Users/maverick/Projects/mavrov.de/frontend/projects/admin/src/app/app.component.ts": {"path":"/Users/maverick/Projects/mavrov.de/frontend/projects/admin/src/app/app.component.ts","statementMap":{"0":{"start":{"line":10,"column":7},"end":{"line":10,"column":null}},"1":{"start":{"line":10,"column":13},"end":{"line":10,"column":26}}},"fnMap":{},"branchMap":{},"s":{"0":0,"1":0},"f":{},"b":{},"meta":{"lastBranch":0,"lastFunction":0,"lastStatement":2,"seen":{"s:10:7:10:Infinity":0,"s:10:13:10:26":1},"fnNames":{}}}
,"/Users/maverick/Projects/mavrov.de/frontend/projects/admin/src/app/app.config.ts": {"path":"/Users/maverick/Projects/mavrov.de/frontend/projects/admin/src/app/app.config.ts","statementMap":{"0":{"start":{"line":11,"column":44},"end":{"line":31,"column":null}},"1":{"start":{"line":27,"column":41},"end":{"line":27,"column":null}},"2":{"start":{"line":27,"column":47},"end":{"line":27,"column":null}}},"fnMap":{"0":{"name":"(anonymous_0)","decl":{"start":{"line":27,"column":18},"end":{"line":27,"column":19}},"loc":{"start":{"line":27,"column":41},"end":{"line":27,"column":null}},"line":27},"1":{"name":"(anonymous_1)","decl":{"start":{"line":27,"column":41},"end":{"line":27,"column":47}},"loc":{"start":{"line":27,"column":47},"end":{"line":27,"column":null}},"line":27}},"branchMap":{},"s":{"0":0,"1":0,"2":0},"f":{"0":0,"1":0},"b":{},"meta":{"lastBranch":0,"lastFunction":2,"lastStatement":3,"seen":{"s:11:44:31:Infinity":0,"f:27:18:27:19":0,"s:27:41:27:Infinity":1,"f:27:41:27:47":1,"s:27:47:27:Infinity":2},"fnNames":{}}}
,"/Users/maverick/Projects/mavrov.de/frontend/projects/admin/src/app/app.routes.ts": {"path":"/Users/maverick/Projects/mavrov.de/frontend/projects/admin/src/app/app.routes.ts","statementMap":{"0":{"start":{"line":10,"column":30},"end":{"line":79,"column":null}},"1":{"start":{"line":27,"column":10},"end":{"line":29,"column":null}},"2":{"start":{"line":28,"column":19},"end":{"line":28,"column":null}},"3":{"start":{"line":34,"column":10},"end":{"line":36,"column":null}},"4":{"start":{"line":35,"column":19},"end":{"line":35,"column":null}},"5":{"start":{"line":41,"column":10},"end":{"line":43,"column":null}},"6":{"start":{"line":42,"column":19},"end":{"line":42,"column":null}},"7":{"start":{"line":48,"column":10},"end":{"line":50,"column":null}},"8":{"start":{"line":49,"column":19},"end":{"line":49,"column":null}},"9":{"start":{"line":55,"column":10},"end":{"line":55,"column":null}},"10":{"start":{"line":55,"column":69},"end":{"line":55,"column":85}},"11":{"start":{"line":60,"column":10},"end":{"line":62,"column":null}},"12":{"start":{"line":61,"column":19},"end":{"line":61,"column":null}},"13":{"start":{"line":67,"column":10},"end":{"line":67,"column":null}},"14":{"start":{"line":67,"column":73},"end":{"line":67,"column":91}},"15":{"start":{"line":72,"column":10},"end":{"line":74,"column":null}},"16":{"start":{"line":73,"column":19},"end":{"line":73,"column":null}}},"fnMap":{"0":{"name":"(anonymous_0)","decl":{"start":{"line":26,"column":23},"end":{"line":26,"column":null}},"loc":{"start":{"line":27,"column":10},"end":{"line":29,"column":null}},"line":27},"1":{"name":"(anonymous_1)","decl":{"start":{"line":28,"column":12},"end":{"line":28,"column":13}},"loc":{"start":{"line":28,"column":19},"end":{"line":28,"column":null}},"line":28},"2":{"name":"(anonymous_2)","decl":{"start":{"line":33,"column":23},"end":{"line":33,"column":null}},"loc":{"start":{"line":34,"column":10},"end":{"line":36,"column":null}},"line":34},"3":{"name":"(anonymous_3)","decl":{"start":{"line":35,"column":12},"end":{"line":35,"column":13}},"loc":{"start":{"line":35,"column":19},"end":{"line":35,"column":null}},"line":35},"4":{"name":"(anonymous_4)","decl":{"start":{"line":40,"column":23},"end":{"line":40,"column":null}},"loc":{"start":{"line":41,"column":10},"end":{"line":43,"column":null}},"line":41},"5":{"name":"(anonymous_5)","decl":{"start":{"line":42,"column":12},"end":{"line":42,"column":13}},"loc":{"start":{"line":42,"column":19},"end":{"line":42,"column":null}},"line":42},"6":{"name":"(anonymous_6)","decl":{"start":{"line":47,"column":23},"end":{"line":47,"column":null}},"loc":{"start":{"line":48,"column":10},"end":{"line":50,"column":null}},"line":48},"7":{"name":"(anonymous_7)","decl":{"start":{"line":49,"column":12},"end":{"line":49,"column":13}},"loc":{"start":{"line":49,"column":19},"end":{"line":49,"column":null}},"line":49},"8":{"name":"(anonymous_8)","decl":{"start":{"line":54,"column":23},"end":{"line":54,"column":null}},"loc":{"start":{"line":55,"column":10},"end":{"line":55,"column":null}},"line":55},"9":{"name":"(anonymous_9)","decl":{"start":{"line":55,"column":69},"end":{"line":55,"column":85}},"loc":{"start":{"line":55,"column":69},"end":{"line":55,"column":85}},"line":55},"10":{"name":"(anonymous_10)","decl":{"start":{"line":59,"column":23},"end":{"line":59,"column":null}},"loc":{"start":{"line":60,"column":10},"end":{"line":62,"column":null}},"line":60},"11":{"name":"(anonymous_11)","decl":{"start":{"line":61,"column":12},"end":{"line":61,"column":13}},"loc":{"start":{"line":61,"column":19},"end":{"line":61,"column":null}},"line":61},"12":{"name":"(anonymous_12)","decl":{"start":{"line":66,"column":23},"end":{"line":66,"column":null}},"loc":{"start":{"line":67,"column":10},"end":{"line":67,"column":null}},"line":67},"13":{"name":"(anonymous_13)","decl":{"start":{"line":67,"column":73},"end":{"line":67,"column":91}},"loc":{"start":{"line":67,"column":73},"end":{"line":67,"column":91}},"line":67},"14":{"name":"(anonymous_14)","decl":{"start":{"line":71,"column":23},"end":{"line":71,"column":null}},"loc":{"start":{"line":72,"column":10},"end":{"line":74,"column":null}},"line":72},"15":{"name":"(anonymous_15)","decl":{"start":{"line":73,"column":12},"end":{"line":73,"column":13}},"loc":{"start":{"line":73,"column":19},"end":{"line":73,"column":null}},"line":73}},"branchMap":{},"s":{"0":0,"1":0,"2":0,"3":0,"4":0,"5":0,"6":0,"7":0,"8":0,"9":0,"10":0,"11":0,"12":0,"13":0,"14":0,"15":0,"16":0},"f":{"0":0,"1":0,"2":0,"3":0,"4":0,"5":0,"6":0,"7":0,"8":0,"9":0,"10":0,"11":0,"12":0,"13":0,"14":0,"15":0},"b":{},"meta":{"lastBranch":0,"lastFunction":16,"lastStatement":17,"seen":{"s:10:30:79:Infinity":0,"f:26:23:26:Infinity":0,"s:27:10:29:Infinity":1,"f:28:12:28:13":1,"s:28:19:28:Infinity":2,"f:33:23:33:Infinity":2,"s:34:10:36:Infinity":3,"f:35:12:35:13":3,"s:35:19:35:Infinity":4,"f:40:23:40:Infinity":4,"s:41:10:43:Infinity":5,"f:42:12:42:13":5,"s:42:19:42:Infinity":6,"f:47:23:47:Infinity":6,"s:48:10:50:Infinity":7,"f:49:12:49:13":7,"s:49:19:49:Infinity":8,"f:54:23:54:Infinity":8,"s:55:10:55:Infinity":9,"f:55:69:55:85":9,"s:55:69:55:85":10,"f:59:23:59:Infinity":10,"s:60:10:62:Infinity":11,"f:61:12:61:13":11,"s:61:19:61:Infinity":12,"f:66:23:66:Infinity":12,"s:67:10:67:Infinity":13,"f:67:73:67:91":13,"s:67:73:67:91":14,"f:71:23:71:Infinity":14,"s:72:10:74:Infinity":15,"f:73:12:73:13":15,"s:73:19:73:Infinity":16},"fnNames":{}}}
,"/Users/maverick/Projects/mavrov.de/frontend/projects/admin/src/app/components/admin/chat/chat.component.ts": {"path":"/Users/maverick/Projects/mavrov.de/frontend/projects/admin/src/app/components/admin/chat/chat.component.ts","statementMap":{"0":{"start":{"line":18,"column":7},"end":{"line":19,"column":42}},"1":{"start":{"line":21,"column":30},"end":{"line":21,"column":32}},"2":{"start":{"line":22,"column":24},"end":{"line":22,"column":26}},"3":{"start":{"line":23,"column":25},"end":{"line":23,"column":30}},"4":{"start":{"line":24,"column":35},"end":{"line":24,"column":59}},"5":{"start":{"line":25,"column":38},"end":{"line":25,"column":39}},"6":{"start":{"line":27,"column":24},"end":{"line":27,"column":46}},"7":{"start":{"line":27,"column":56},"end":{"line":27,"column":78}},"8":{"start":{"line":30,"column":8},"end":{"line":30,"column":null}},"9":{"start":{"line":34,"column":8},"end":{"line":34,"column":null}},"10":{"start":{"line":38,"column":8},"end":{"line":40,"column":null}},"11":{"start":{"line":39,"column":12},"end":{"line":39,"column":null}},"12":{"start":{"line":44,"column":8},"end":{"line":44,"column":null}},"13":{"start":{"line":44,"column":54},"end":{"line":44,"column":null}},"14":{"start":{"line":46,"column":37},"end":{"line":46,"column":78}},"15":{"start":{"line":47,"column":8},"end":{"line":47,"column":null}},"16":{"start":{"line":48,"column":8},"end":{"line":48,"column":null}},"17":{"start":{"line":49,"column":8},"end":{"line":49,"column":null}},"18":{"start":{"line":50,"column":8},"end":{"line":50,"column":null}},"19":{"start":{"line":52,"column":8},"end":{"line":63,"column":null}},"20":{"start":{"line":53,"column":29},"end":{"line":53,"column":76}},"21":{"start":{"line":54,"column":12},"end":{"line":54,"column":null}},"22":{"start":{"line":55,"column":12},"end":{"line":55,"column":null}},"23":{"start":{"line":57,"column":12},"end":{"line":57,"column":null}},"24":{"start":{"line":58,"column":12},"end":{"line":58,"column":null}},"25":{"start":{"line":59,"column":12},"end":{"line":59,"column":null}},"26":{"start":{"line":61,"column":12},"end":{"line":61,"column":null}},"27":{"start":{"line":62,"column":12},"end":{"line":62,"column":37}},"28":{"start":{"line":67,"column":8},"end":{"line":67,"column":null}},"29":{"start":{"line":67,"column":49},"end":{"line":67,"column":null}},"30":{"start":{"line":68,"column":21},"end":{"line":71,"column":null}},"31":{"start":{"line":72,"column":8},"end":{"line":72,"column":null}},"32":{"start":{"line":76,"column":8},"end":{"line":76,"column":null}},"33":{"start":{"line":76,"column":49},"end":{"line":76,"column":null}},"34":{"start":{"line":77,"column":22},"end":{"line":77,"column":60}},"35":{"start":{"line":78,"column":8},"end":{"line":93,"column":null}},"36":{"start":{"line":79,"column":12},"end":{"line":92,"column":null}},"37":{"start":{"line":80,"column":31},"end":{"line":80,"column":48}},"38":{"start":{"line":81,"column":28},"end":{"line":81,"column":57}},"39":{"start":{"line":82,"column":31},"end":{"line":82,"column":72}},"40":{"start":{"line":84,"column":16},"end":{"line":88,"column":null}},"41":{"start":{"line":85,"column":20},"end":{"line":85,"column":null}},"42":{"start":{"line":87,"column":20},"end":{"line":87,"column":null}},"43":{"start":{"line":90,"column":16},"end":{"line":90,"column":null}},"44":{"start":{"line":91,"column":16},"end":{"line":91,"column":null}},"45":{"start":{"line":18,"column":13},"end":{"line":95,"column":null}}},"fnMap":{"0":{"name":"constructor","decl":{"start":{"line":27,"column":4},"end":{"line":27,"column":24}},"loc":{"start":{"line":27,"column":78},"end":{"line":27,"column":null}},"line":27},"1":{"name":"ngOnInit","decl":{"start":{"line":29,"column":4},"end":{"line":29,"column":12}},"loc":{"start":{"line":29,"column":12},"end":{"line":31,"column":null}},"line":29},"2":{"name":"ngAfterViewChecked","decl":{"start":{"line":33,"column":4},"end":{"line":33,"column":22}},"loc":{"start":{"line":33,"column":22},"end":{"line":35,"column":null}},"line":33},"3":{"name":"scrollToBottom","decl":{"start":{"line":37,"column":4},"end":{"line":37,"column":18}},"loc":{"start":{"line":37,"column":18},"end":{"line":41,"column":null}},"line":37},"4":{"name":"sendMessage","decl":{"start":{"line":43,"column":10},"end":{"line":43,"column":21}},"loc":{"start":{"line":43,"column":21},"end":{"line":64,"column":null}},"line":43},"5":{"name":"saveToLocalStorage","decl":{"start":{"line":66,"column":12},"end":{"line":66,"column":30}},"loc":{"start":{"line":66,"column":30},"end":{"line":73,"column":null}},"line":66},"6":{"name":"loadFromLocalStorage","decl":{"start":{"line":75,"column":12},"end":{"line":75,"column":32}},"loc":{"start":{"line":75,"column":32},"end":{"line":94,"column":null}},"line":75}},"branchMap":{"0":{"loc":{"start":{"line":44,"column":8},"end":{"line":44,"column":null}},"type":"if","locations":[{"start":{"line":44,"column":8},"end":{"line":44,"column":null}},{"start":{},"end":{}}],"line":44},"1":{"loc":{"start":{"line":44,"column":12},"end":{"line":44,"column":52}},"type":"binary-expr","locations":[{"start":{"line":44,"column":12},"end":{"line":44,"column":34}},{"start":{"line":44,"column":38},"end":{"line":44,"column":52}}],"line":44},"2":{"loc":{"start":{"line":67,"column":8},"end":{"line":67,"column":null}},"type":"if","locations":[{"start":{"line":67,"column":8},"end":{"line":67,"column":null}},{"start":{},"end":{}}],"line":67},"3":{"loc":{"start":{"line":76,"column":8},"end":{"line":76,"column":null}},"type":"if","locations":[{"start":{"line":76,"column":8},"end":{"line":76,"column":null}},{"start":{},"end":{}}],"line":76},"4":{"loc":{"start":{"line":78,"column":8},"end":{"line":93,"column":null}},"type":"if","locations":[{"start":{"line":78,"column":8},"end":{"line":93,"column":null}},{"start":{},"end":{}}],"line":78},"5":{"loc":{"start":{"line":84,"column":16},"end":{"line":88,"column":null}},"type":"if","locations":[{"start":{"line":84,"column":16},"end":{"line":88,"column":null}},{"start":{"line":86,"column":23},"end":{"line":88,"column":null}}],"line":84},"6":{"loc":{"start":{"line":85,"column":36},"end":{"line":85,"column":57}},"type":"binary-expr","locations":[{"start":{"line":85,"column":36},"end":{"line":85,"column":51}},{"start":{"line":85,"column":55},"end":{"line":85,"column":57}}],"line":85}},"s":{"0":2,"1":11,"2":11,"3":11,"4":11,"5":11,"6":11,"7":11,"8":9,"9":5,"10":5,"11":5,"12":4,"13":1,"14":3,"15":3,"16":3,"17":3,"18":3,"19":3,"20":3,"21":2,"22":2,"23":1,"24":1,"25":1,"26":3,"27":3,"28":6,"29":2,"30":4,"31":4,"32":9,"33":1,"34":8,"35":8,"36":4,"37":4,"38":4,"39":4,"40":4,"41":2,"42":1,"43":1,"44":1,"45":2},"f":{"0":11,"1":9,"2":5,"3":5,"4":4,"5":6,"6":9},"b":{"0":[1,3],"1":[4,3],"2":[2,4],"3":[1,8],"4":[4,4],"5":[2,1],"6":[2,1]},"meta":{"lastBranch":7,"lastFunction":7,"lastStatement":46,"seen":{"s:18:7:19:42":0,"s:21:30:21:32":1,"s:22:24:22:26":2,"s:23:25:23:30":3,"s:24:35:24:59":4,"s:25:38:25:39":5,"f:27:4:27:24":0,"s:27:24:27:46":6,"s:27:56:27:78":7,"f:29:4:29:12":1,"s:30:8:30:Infinity":8,"f:33:4:33:22":2,"s:34:8:34:Infinity":9,"f:37:4:37:18":3,"s:38:8:40:Infinity":10,"s:39:12:39:Infinity":11,"f:43:10:43:21":4,"b:44:8:44:Infinity:undefined:undefined:undefined:undefined":0,"s:44:8:44:Infinity":12,"b:44:12:44:34:44:38:44:52":1,"s:44:54:44:Infinity":13,"s:46:37:46:78":14,"s:47:8:47:Infinity":15,"s:48:8:48:Infinity":16,"s:49:8:49:Infinity":17,"s:50:8:50:Infinity":18,"s:52:8:63:Infinity":19,"s:53:29:53:76":20,"s:54:12:54:Infinity":21,"s:55:12:55:Infinity":22,"s:57:12:57:Infinity":23,"s:58:12:58:Infinity":24,"s:59:12:59:Infinity":25,"s:61:12:61:Infinity":26,"s:62:12:62:37":27,"f:66:12:66:30":5,"b:67:8:67:Infinity:undefined:undefined:undefined:undefined":2,"s:67:8:67:Infinity":28,"s:67:49:67:Infinity":29,"s:68:21:71:Infinity":30,"s:72:8:72:Infinity":31,"f:75:12:75:32":6,"b:76:8:76:Infinity:undefined:undefined:undefined:undefined":3,"s:76:8:76:Infinity":32,"s:76:49:76:Infinity":33,"s:77:22:77:60":34,"b:78:8:93:Infinity:undefined:undefined:undefined:undefined":4,"s:78:8:93:Infinity":35,"s:79:12:92:Infinity":36,"s:80:31:80:48":37,"s:81:28:81:57":38,"s:82:31:82:72":39,"b:84:16:88:Infinity:86:23:88:Infinity":5,"s:84:16:88:Infinity":40,"s:85:20:85:Infinity":41,"b:85:36:85:51:85:55:85:57":6,"s:87:20:87:Infinity":42,"s:90:16:90:Infinity":43,"s:91:16:91:Infinity":44,"s:18:13:95:Infinity":45},"fnNames":{}}}
,"/Users/maverick/Projects/mavrov.de/frontend/projects/admin/src/app/components/admin/cv-manager/cv-manager.component.ts": {"path":"/Users/maverick/Projects/mavrov.de/frontend/projects/admin/src/app/components/admin/cv-manager/cv-manager.component.ts","statementMap":{"0":{"start":{"line":16,"column":7},"end":{"line":138,"column":null}},"1":{"start":{"line":17,"column":18},"end":{"line":17,"column":83}},"2":{"start":{"line":18,"column":18},"end":{"line":18,"column":76}},"3":{"start":{"line":20,"column":39},"end":{"line":20,"column":49}},"4":{"start":{"line":22,"column":30},"end":{"line":22,"column":34}},"5":{"start":{"line":23,"column":14},"end":{"line":23,"column":19}},"6":{"start":{"line":24,"column":32},"end":{"line":24,"column":36}},"7":{"start":{"line":25,"column":34},"end":{"line":25,"column":38}},"8":{"start":{"line":26,"column":12},"end":{"line":26,"column":17}},"9":{"start":{"line":32,"column":12},"end":{"line":32,"column":37}},"10":{"start":{"line":33,"column":12},"end":{"line":33,"column":27}},"11":{"start":{"line":34,"column":12},"end":{"line":34,"column":34}},"12":{"start":{"line":36,"column":4},"end":{"line":38,"column":null}},"13":{"start":{"line":43,"column":4},"end":{"line":45,"column":null}},"14":{"start":{"line":44,"column":6},"end":{"line":44,"column":null}},"15":{"start":{"line":48,"column":4},"end":{"line":50,"column":null}},"16":{"start":{"line":49,"column":6},"end":{"line":49,"column":null}},"17":{"start":{"line":54,"column":4},"end":{"line":54,"column":null}},"18":{"start":{"line":55,"column":4},"end":{"line":55,"column":null}},"19":{"start":{"line":59,"column":4},"end":{"line":59,"column":null}},"20":{"start":{"line":60,"column":19},"end":{"line":60,"column":49}},"21":{"start":{"line":62,"column":4},"end":{"line":79,"column":null}},"22":{"start":{"line":70,"column":8},"end":{"line":70,"column":null}},"23":{"start":{"line":71,"column":8},"end":{"line":71,"column":null}},"24":{"start":{"line":72,"column":8},"end":{"line":72,"column":null}},"25":{"start":{"line":75,"column":8},"end":{"line":75,"column":null}},"26":{"start":{"line":76,"column":8},"end":{"line":76,"column":null}},"27":{"start":{"line":77,"column":8},"end":{"line":77,"column":null}},"28":{"start":{"line":83,"column":4},"end":{"line":83,"column":null}},"29":{"start":{"line":84,"column":19},"end":{"line":84,"column":49}},"30":{"start":{"line":86,"column":4},"end":{"line":103,"column":null}},"31":{"start":{"line":94,"column":8},"end":{"line":94,"column":null}},"32":{"start":{"line":95,"column":8},"end":{"line":95,"column":null}},"33":{"start":{"line":96,"column":8},"end":{"line":96,"column":null}},"34":{"start":{"line":99,"column":8},"end":{"line":99,"column":null}},"35":{"start":{"line":100,"column":8},"end":{"line":100,"column":null}},"36":{"start":{"line":101,"column":8},"end":{"line":101,"column":null}},"37":{"start":{"line":107,"column":18},"end":{"line":107,"column":50}},"38":{"start":{"line":108,"column":4},"end":{"line":110,"column":null}},"39":{"start":{"line":109,"column":6},"end":{"line":109,"column":null}},"40":{"start":{"line":114,"column":4},"end":{"line":116,"column":null}},"41":{"start":{"line":115,"column":6},"end":{"line":115,"column":null}},"42":{"start":{"line":118,"column":4},"end":{"line":118,"column":null}},"43":{"start":{"line":119,"column":4},"end":{"line":119,"column":null}},"44":{"start":{"line":120,"column":4},"end":{"line":120,"column":null}},"45":{"start":{"line":122,"column":20},"end":{"line":122,"column":49}},"46":{"start":{"line":123,"column":4},"end":{"line":137,"column":null}},"47":{"start":{"line":125,"column":8},"end":{"line":125,"column":null}},"48":{"start":{"line":126,"column":8},"end":{"line":126,"column":null}},"49":{"start":{"line":127,"column":8},"end":{"line":127,"column":null}},"50":{"start":{"line":128,"column":8},"end":{"line":128,"column":null}},"51":{"start":{"line":129,"column":8},"end":{"line":129,"column":28}},"52":{"start":{"line":130,"column":8},"end":{"line":130,"column":null}},"53":{"start":{"line":133,"column":8},"end":{"line":133,"column":null}},"54":{"start":{"line":134,"column":8},"end":{"line":134,"column":null}},"55":{"start":{"line":135,"column":8},"end":{"line":135,"column":null}},"56":{"start":{"line":16,"column":13},"end":{"line":139,"column":null}}},"fnMap":{"0":{"name":"constructor","decl":{"start":{"line":31,"column":2},"end":{"line":31,"column":null}},"loc":{"start":{"line":34,"column":34},"end":{"line":39,"column":null}},"line":34},"1":{"name":"ngOnInit","decl":{"start":{"line":41,"column":2},"end":{"line":41,"column":10}},"loc":{"start":{"line":41,"column":10},"end":{"line":51,"column":null}},"line":41},"2":{"name":"(anonymous_2)","decl":{"start":{"line":43,"column":60},"end":{"line":43,"column":63}},"loc":{"start":{"line":43,"column":65},"end":{"line":45,"column":5}},"line":43},"3":{"name":"(anonymous_3)","decl":{"start":{"line":48,"column":60},"end":{"line":48,"column":63}},"loc":{"start":{"line":48,"column":65},"end":{"line":50,"column":5}},"line":48},"4":{"name":"ngOnDestroy","decl":{"start":{"line":53,"column":2},"end":{"line":53,"column":13}},"loc":{"start":{"line":53,"column":13},"end":{"line":56,"column":null}},"line":53},"5":{"name":"loadRequests","decl":{"start":{"line":58,"column":2},"end":{"line":58,"column":14}},"loc":{"start":{"line":58,"column":14},"end":{"line":80,"column":null}},"line":58},"6":{"name":"(anonymous_6)","decl":{"start":{"line":69,"column":12},"end":{"line":69,"column":13}},"loc":{"start":{"line":69,"column":25},"end":{"line":73,"column":7}},"line":69},"7":{"name":"(anonymous_7)","decl":{"start":{"line":74,"column":13},"end":{"line":74,"column":14}},"loc":{"start":{"line":74,"column":21},"end":{"line":78,"column":null}},"line":74},"8":{"name":"loadVersions","decl":{"start":{"line":82,"column":2},"end":{"line":82,"column":14}},"loc":{"start":{"line":82,"column":14},"end":{"line":104,"column":null}},"line":82},"9":{"name":"(anonymous_9)","decl":{"start":{"line":93,"column":12},"end":{"line":93,"column":13}},"loc":{"start":{"line":93,"column":25},"end":{"line":97,"column":7}},"line":93},"10":{"name":"(anonymous_10)","decl":{"start":{"line":98,"column":13},"end":{"line":98,"column":14}},"loc":{"start":{"line":98,"column":21},"end":{"line":102,"column":null}},"line":98},"11":{"name":"onFileSelected","decl":{"start":{"line":106,"column":2},"end":{"line":106,"column":16}},"loc":{"start":{"line":106,"column":29},"end":{"line":111,"column":null}},"line":106},"12":{"name":"onUpload","decl":{"start":{"line":113,"column":2},"end":{"line":113,"column":10}},"loc":{"start":{"line":113,"column":10},"end":{"line":138,"column":null}},"line":113},"13":{"name":"(anonymous_13)","decl":{"start":{"line":124,"column":12},"end":{"line":124,"column":15}},"loc":{"start":{"line":124,"column":17},"end":{"line":131,"column":7}},"line":124},"14":{"name":"(anonymous_14)","decl":{"start":{"line":132,"column":13},"end":{"line":132,"column":14}},"loc":{"start":{"line":132,"column":21},"end":{"line":136,"column":null}},"line":132}},"branchMap":{"0":{"loc":{"start":{"line":65,"column":6},"end":{"line":65,"column":35}},"type":"binary-expr","locations":[{"start":{"line":65,"column":6},"end":{"line":65,"column":19}},{"start":{"line":65,"column":23},"end":{"line":65,"column":35}}],"line":65},"1":{"loc":{"start":{"line":89,"column":6},"end":{"line":89,"column":35}},"type":"binary-expr","locations":[{"start":{"line":89,"column":6},"end":{"line":89,"column":19}},{"start":{"line":89,"column":23},"end":{"line":89,"column":35}}],"line":89},"2":{"loc":{"start":{"line":108,"column":4},"end":{"line":110,"column":null}},"type":"if","locations":[{"start":{"line":108,"column":4},"end":{"line":110,"column":null}},{"start":{},"end":{}}],"line":108},"3":{"loc":{"start":{"line":108,"column":8},"end":{"line":108,"column":45}},"type":"binary-expr","locations":[{"start":{"line":108,"column":8},"end":{"line":108,"column":19}},{"start":{"line":108,"column":23},"end":{"line":108,"column":45}}],"line":108},"4":{"loc":{"start":{"line":114,"column":4},"end":{"line":116,"column":null}},"type":"if","locations":[{"start":{"line":114,"column":4},"end":{"line":116,"column":null}},{"start":{},"end":{}}],"line":114},"5":{"loc":{"start":{"line":114,"column":8},"end":{"line":114,"column":52}},"type":"binary-expr","locations":[{"start":{"line":114,"column":8},"end":{"line":114,"column":30}},{"start":{"line":114,"column":34},"end":{"line":114,"column":52}}],"line":114}},"s":{"0":2,"1":16,"2":16,"3":16,"4":16,"5":16,"6":16,"7":16,"8":16,"9":16,"10":16,"11":16,"12":16,"13":16,"14":16,"15":16,"16":16,"17":16,"18":16,"19":18,"20":18,"21":18,"22":17,"23":17,"24":17,"25":1,"26":1,"27":1,"28":19,"29":19,"30":19,"31":18,"32":18,"33":18,"34":1,"35":1,"36":1,"37":3,"38":3,"39":1,"40":7,"41":4,"42":3,"43":3,"44":3,"45":3,"46":3,"47":1,"48":1,"49":1,"50":1,"51":1,"52":1,"53":2,"54":2,"55":2,"56":2},"f":{"0":16,"1":16,"2":16,"3":16,"4":16,"5":18,"6":17,"7":1,"8":19,"9":18,"10":1,"11":3,"12":7,"13":1,"14":2},"b":{"0":[18,1],"1":[19,1],"2":[1,2],"3":[3,3],"4":[4,3],"5":[7,4]},"meta":{"lastBranch":6,"lastFunction":15,"lastStatement":57,"seen":{"s:16:7:138:Infinity":0,"s:17:18:17:83":1,"s:18:18:18:76":2,"s:20:39:20:49":3,"s:22:30:22:34":4,"s:23:14:23:19":5,"s:24:32:24:36":6,"s:25:34:25:38":7,"s:26:12:26:17":8,"f:31:2:31:Infinity":0,"s:32:12:32:37":9,"s:33:12:33:27":10,"s:34:12:34:34":11,"s:36:4:38:Infinity":12,"f:41:2:41:10":1,"s:43:4:45:Infinity":13,"f:43:60:43:63":2,"s:44:6:44:Infinity":14,"s:48:4:50:Infinity":15,"f:48:60:48:63":3,"s:49:6:49:Infinity":16,"f:53:2:53:13":4,"s:54:4:54:Infinity":17,"s:55:4:55:Infinity":18,"f:58:2:58:14":5,"s:59:4:59:Infinity":19,"s:60:19:60:49":20,"s:62:4:79:Infinity":21,"b:65:6:65:19:65:23:65:35":0,"f:69:12:69:13":6,"s:70:8:70:Infinity":22,"s:71:8:71:Infinity":23,"s:72:8:72:Infinity":24,"f:74:13:74:14":7,"s:75:8:75:Infinity":25,"s:76:8:76:Infinity":26,"s:77:8:77:Infinity":27,"f:82:2:82:14":8,"s:83:4:83:Infinity":28,"s:84:19:84:49":29,"s:86:4:103:Infinity":30,"b:89:6:89:19:89:23:89:35":1,"f:93:12:93:13":9,"s:94:8:94:Infinity":31,"s:95:8:95:Infinity":32,"s:96:8:96:Infinity":33,"f:98:13:98:14":10,"s:99:8:99:Infinity":34,"s:100:8:100:Infinity":35,"s:101:8:101:Infinity":36,"f:106:2:106:16":11,"s:107:18:107:50":37,"b:108:4:110:Infinity:undefined:undefined:undefined:undefined":2,"s:108:4:110:Infinity":38,"b:108:8:108:19:108:23:108:45":3,"s:109:6:109:Infinity":39,"f:113:2:113:10":12,"b:114:4:116:Infinity:undefined:undefined:undefined:undefined":4,"s:114:4:116:Infinity":40,"b:114:8:114:30:114:34:114:52":5,"s:115:6:115:Infinity":41,"s:118:4:118:Infinity":42,"s:119:4:119:Infinity":43,"s:120:4:120:Infinity":44,"s:122:20:122:49":45,"s:123:4:137:Infinity":46,"f:124:12:124:15":13,"s:125:8:125:Infinity":47,"s:126:8:126:Infinity":48,"s:127:8:127:Infinity":49,"s:128:8:128:Infinity":50,"s:129:8:129:28":51,"s:130:8:130:Infinity":52,"f:132:13:132:14":14,"s:133:8:133:Infinity":53,"s:134:8:134:Infinity":54,"s:135:8:135:Infinity":55,"s:16:13:139:Infinity":56},"fnNames":{}}}
,"/Users/maverick/Projects/mavrov.de/frontend/projects/admin/src/app/components/admin/dashboard/dashboard.component.ts": {"path":"/Users/maverick/Projects/mavrov.de/frontend/projects/admin/src/app/components/admin/dashboard/dashboard.component.ts","statementMap":{"0":{"start":{"line":13,"column":7},"end":{"line":52,"column":null}},"1":{"start":{"line":14,"column":30},"end":{"line":14,"column":34}},"2":{"start":{"line":15,"column":12},"end":{"line":15,"column":16}},"3":{"start":{"line":16,"column":25},"end":{"line":16,"column":29}},"4":{"start":{"line":19,"column":12},"end":{"line":19,"column":38}},"5":{"start":{"line":20,"column":12},"end":{"line":20,"column":34}},"6":{"start":{"line":24,"column":4},"end":{"line":24,"column":null}},"7":{"start":{"line":28,"column":4},"end":{"line":28,"column":null}},"8":{"start":{"line":29,"column":4},"end":{"line":29,"column":null}},"9":{"start":{"line":30,"column":4},"end":{"line":30,"column":null}},"10":{"start":{"line":31,"column":4},"end":{"line":47,"column":null}},"11":{"start":{"line":33,"column":8},"end":{"line":33,"column":null}},"12":{"start":{"line":34,"column":8},"end":{"line":34,"column":null}},"13":{"start":{"line":35,"column":8},"end":{"line":35,"column":null}},"14":{"start":{"line":36,"column":8},"end":{"line":36,"column":33}},"15":{"start":{"line":39,"column":8},"end":{"line":39,"column":null}},"16":{"start":{"line":40,"column":8},"end":{"line":40,"column":null}},"17":{"start":{"line":41,"column":8},"end":{"line":41,"column":null}},"18":{"start":{"line":42,"column":8},"end":{"line":42,"column":33}},"19":{"start":{"line":45,"column":8},"end":{"line":45,"column":null}},"20":{"start":{"line":51,"column":4},"end":{"line":51,"column":null}},"21":{"start":{"line":13,"column":13},"end":{"line":53,"column":null}}},"fnMap":{"0":{"name":"constructor","decl":{"start":{"line":18,"column":2},"end":{"line":18,"column":null}},"loc":{"start":{"line":20,"column":34},"end":{"line":21,"column":null}},"line":20},"1":{"name":"ngOnInit","decl":{"start":{"line":23,"column":2},"end":{"line":23,"column":10}},"loc":{"start":{"line":23,"column":10},"end":{"line":25,"column":null}},"line":23},"2":{"name":"loadStats","decl":{"start":{"line":27,"column":2},"end":{"line":27,"column":11}},"loc":{"start":{"line":27,"column":11},"end":{"line":48,"column":null}},"line":27},"3":{"name":"(anonymous_3)","decl":{"start":{"line":32,"column":12},"end":{"line":32,"column":13}},"loc":{"start":{"line":32,"column":21},"end":{"line":37,"column":7}},"line":32},"4":{"name":"(anonymous_4)","decl":{"start":{"line":38,"column":13},"end":{"line":38,"column":14}},"loc":{"start":{"line":38,"column":23},"end":{"line":43,"column":7}},"line":38},"5":{"name":"(anonymous_5)","decl":{"start":{"line":44,"column":16},"end":{"line":44,"column":19}},"loc":{"start":{"line":44,"column":21},"end":{"line":46,"column":7}},"line":44},"6":{"name":"getLanguages","decl":{"start":{"line":50,"column":2},"end":{"line":50,"column":14}},"loc":{"start":{"line":50,"column":14},"end":{"line":52,"column":null}},"line":50}},"branchMap":{"0":{"loc":{"start":{"line":51,"column":11},"end":{"line":51,"column":89}},"type":"cond-expr","locations":[{"start":{"line":51,"column":43},"end":{"line":51,"column":84}},{"start":{"line":51,"column":87},"end":{"line":51,"column":89}}],"line":51}},"s":{"0":1,"1":5,"2":5,"3":5,"4":5,"5":5,"6":3,"7":3,"8":3,"9":3,"10":3,"11":2,"12":2,"13":2,"14":2,"15":1,"16":1,"17":1,"18":1,"19":2,"20":14,"21":1},"f":{"0":5,"1":3,"2":3,"3":2,"4":1,"5":2,"6":14},"b":{"0":[12,2]},"meta":{"lastBranch":1,"lastFunction":7,"lastStatement":22,"seen":{"s:13:7:52:Infinity":0,"s:14:30:14:34":1,"s:15:12:15:16":2,"s:16:25:16:29":3,"f:18:2:18:Infinity":0,"s:19:12:19:38":4,"s:20:12:20:34":5,"f:23:2:23:10":1,"s:24:4:24:Infinity":6,"f:27:2:27:11":2,"s:28:4:28:Infinity":7,"s:29:4:29:Infinity":8,"s:30:4:30:Infinity":9,"s:31:4:47:Infinity":10,"f:32:12:32:13":3,"s:33:8:33:Infinity":11,"s:34:8:34:Infinity":12,"s:35:8:35:Infinity":13,"s:36:8:36:33":14,"f:38:13:38:14":4,"s:39:8:39:Infinity":15,"s:40:8:40:Infinity":16,"s:41:8:41:Infinity":17,"s:42:8:42:33":18,"f:44:16:44:19":5,"s:45:8:45:Infinity":19,"f:50:2:50:14":6,"s:51:4:51:Infinity":20,"b:51:43:51:84:51:87:51:89":0,"s:13:13:53:Infinity":21},"fnNames":{}}}
,"/Users/maverick/Projects/mavrov.de/frontend/projects/admin/src/app/components/admin/layout/admin-layout.component.ts": {"path":"/Users/maverick/Projects/mavrov.de/frontend/projects/admin/src/app/components/admin/layout/admin-layout.component.ts","statementMap":{"0":{"start":{"line":13,"column":7},"end":{"line":28,"column":null}},"1":{"start":{"line":14,"column":29},"end":{"line":14,"column":33}},"2":{"start":{"line":17,"column":12},"end":{"line":17,"column":36}},"3":{"start":{"line":18,"column":12},"end":{"line":18,"column":26}},"4":{"start":{"line":20,"column":4},"end":{"line":22,"column":null}},"5":{"start":{"line":21,"column":6},"end":{"line":21,"column":null}},"6":{"start":{"line":26,"column":4},"end":{"line":26,"column":null}},"7":{"start":{"line":27,"column":4},"end":{"line":27,"column":null}},"8":{"start":{"line":13,"column":13},"end":{"line":29,"column":null}}},"fnMap":{"0":{"name":"constructor","decl":{"start":{"line":16,"column":2},"end":{"line":16,"column":null}},"loc":{"start":{"line":18,"column":26},"end":{"line":23,"column":null}},"line":18},"1":{"name":"(anonymous_1)","decl":{"start":{"line":20,"column":44},"end":{"line":20,"column":45}},"loc":{"start":{"line":20,"column":53},"end":{"line":22,"column":5}},"line":20},"2":{"name":"logout","decl":{"start":{"line":25,"column":2},"end":{"line":25,"column":8}},"loc":{"start":{"line":25,"column":8},"end":{"line":28,"column":null}},"line":25}},"branchMap":{},"s":{"0":1,"1":5,"2":5,"3":5,"4":5,"5":6,"6":2,"7":2,"8":1},"f":{"0":5,"1":6,"2":2},"b":{},"meta":{"lastBranch":0,"lastFunction":3,"lastStatement":9,"seen":{"s:13:7:28:Infinity":0,"s:14:29:14:33":1,"f:16:2:16:Infinity":0,"s:17:12:17:36":2,"s:18:12:18:26":3,"s:20:4:22:Infinity":4,"f:20:44:20:45":1,"s:21:6:21:Infinity":5,"f:25:2:25:8":2,"s:26:4:26:Infinity":6,"s:27:4:27:Infinity":7,"s:13:13:29:Infinity":8},"fnNames":{}}}
,"/Users/maverick/Projects/mavrov.de/frontend/projects/admin/src/app/components/admin/linkedin/admin-linkedin.component.ts": {"path":"/Users/maverick/Projects/mavrov.de/frontend/projects/admin/src/app/components/admin/linkedin/admin-linkedin.component.ts","statementMap":{"0":{"start":{"line":13,"column":7},"end":{"line":137,"column":null}},"1":{"start":{"line":14,"column":27},"end":{"line":14,"column":53}},"2":{"start":{"line":15,"column":15},"end":{"line":15,"column":43}},"3":{"start":{"line":17,"column":23},"end":{"line":17,"column":28}},"4":{"start":{"line":18,"column":22},"end":{"line":18,"column":27}},"5":{"start":{"line":19,"column":40},"end":{"line":19,"column":44}},"6":{"start":{"line":20,"column":37},"end":{"line":20,"column":44}},"7":{"start":{"line":22,"column":17},"end":{"line":22,"column":22}},"8":{"start":{"line":23,"column":18},"end":{"line":23,"column":23}},"9":{"start":{"line":24,"column":23},"end":{"line":24,"column":25}},"10":{"start":{"line":25,"column":23},"end":{"line":25,"column":25}},"11":{"start":{"line":27,"column":23},"end":{"line":27,"column":27}},"12":{"start":{"line":28,"column":28},"end":{"line":28,"column":30}},"13":{"start":{"line":29,"column":28},"end":{"line":29,"column":30}},"14":{"start":{"line":32,"column":8},"end":{"line":32,"column":null}},"15":{"start":{"line":36,"column":8},"end":{"line":41,"column":null}},"16":{"start":{"line":37,"column":27},"end":{"line":37,"column":65}},"17":{"start":{"line":38,"column":12},"end":{"line":38,"column":null}},"18":{"start":{"line":40,"column":12},"end":{"line":40,"column":null}},"19":{"start":{"line":45,"column":8},"end":{"line":45,"column":null}},"20":{"start":{"line":45,"column":62},"end":{"line":45,"column":null}},"21":{"start":{"line":47,"column":8},"end":{"line":47,"column":null}},"22":{"start":{"line":48,"column":8},"end":{"line":48,"column":null}},"23":{"start":{"line":50,"column":8},"end":{"line":61,"column":null}},"24":{"start":{"line":51,"column":12},"end":{"line":51,"column":null}},"25":{"start":{"line":52,"column":12},"end":{"line":52,"column":null}},"26":{"start":{"line":53,"column":12},"end":{"line":53,"column":null}},"27":{"start":{"line":54,"column":12},"end":{"line":54,"column":null}},"28":{"start":{"line":55,"column":12},"end":{"line":55,"column":39}},"29":{"start":{"line":57,"column":12},"end":{"line":57,"column":null}},"30":{"start":{"line":59,"column":12},"end":{"line":59,"column":null}},"31":{"start":{"line":60,"column":12},"end":{"line":60,"column":null}},"32":{"start":{"line":65,"column":8},"end":{"line":65,"column":null}},"33":{"start":{"line":69,"column":8},"end":{"line":69,"column":null}},"34":{"start":{"line":70,"column":8},"end":{"line":70,"column":null}},"35":{"start":{"line":71,"column":8},"end":{"line":84,"column":null}},"36":{"start":{"line":72,"column":25},"end":{"line":72,"column":65}},"37":{"start":{"line":73,"column":12},"end":{"line":73,"column":null}},"38":{"start":{"line":74,"column":12},"end":{"line":74,"column":null}},"39":{"start":{"line":75,"column":12},"end":{"line":75,"column":null}},"40":{"start":{"line":76,"column":12},"end":{"line":76,"column":null}},"41":{"start":{"line":77,"column":12},"end":{"line":77,"column":null}},"42":{"start":{"line":79,"column":12},"end":{"line":79,"column":null}},"43":{"start":{"line":80,"column":12},"end":{"line":80,"column":null}},"44":{"start":{"line":81,"column":12},"end":{"line":81,"column":null}},"45":{"start":{"line":83,"column":12},"end":{"line":83,"column":null}},"46":{"start":{"line":88,"column":8},"end":{"line":88,"column":null}},"47":{"start":{"line":89,"column":8},"end":{"line":89,"column":null}},"48":{"start":{"line":90,"column":8},"end":{"line":103,"column":null}},"49":{"start":{"line":91,"column":26},"end":{"line":91,"column":63}},"50":{"start":{"line":92,"column":12},"end":{"line":92,"column":null}},"51":{"start":{"line":93,"column":12},"end":{"line":93,"column":null}},"52":{"start":{"line":94,"column":12},"end":{"line":94,"column":null}},"53":{"start":{"line":95,"column":12},"end":{"line":95,"column":null}},"54":{"start":{"line":96,"column":12},"end":{"line":96,"column":null}},"55":{"start":{"line":98,"column":12},"end":{"line":98,"column":null}},"56":{"start":{"line":99,"column":12},"end":{"line":99,"column":null}},"57":{"start":{"line":100,"column":12},"end":{"line":100,"column":null}},"58":{"start":{"line":102,"column":12},"end":{"line":102,"column":null}},"59":{"start":{"line":107,"column":8},"end":{"line":107,"column":null}},"60":{"start":{"line":107,"column":37},"end":{"line":107,"column":null}},"61":{"start":{"line":109,"column":8},"end":{"line":109,"column":null}},"62":{"start":{"line":110,"column":8},"end":{"line":110,"column":null}},"63":{"start":{"line":111,"column":8},"end":{"line":123,"column":null}},"64":{"start":{"line":112,"column":24},"end":{"line":112,"column":69}},"65":{"start":{"line":113,"column":12},"end":{"line":113,"column":null}},"66":{"start":{"line":114,"column":12},"end":{"line":114,"column":null}},"67":{"start":{"line":115,"column":12},"end":{"line":115,"column":null}},"68":{"start":{"line":115,"column":48},"end":{"line":115,"column":64}},"69":{"start":{"line":116,"column":12},"end":{"line":116,"column":null}},"70":{"start":{"line":118,"column":12},"end":{"line":118,"column":null}},"71":{"start":{"line":119,"column":12},"end":{"line":119,"column":null}},"72":{"start":{"line":120,"column":12},"end":{"line":120,"column":null}},"73":{"start":{"line":122,"column":12},"end":{"line":122,"column":null}},"74":{"start":{"line":127,"column":8},"end":{"line":129,"column":null}},"75":{"start":{"line":128,"column":12},"end":{"line":128,"column":null}},"76":{"start":{"line":133,"column":8},"end":{"line":133,"column":null}},"77":{"start":{"line":133,"column":19},"end":{"line":133,"column":null}},"78":{"start":{"line":134,"column":8},"end":{"line":134,"column":null}},"79":{"start":{"line":134,"column":35},"end":{"line":134,"column":null}},"80":{"start":{"line":135,"column":8},"end":{"line":135,"column":null}},"81":{"start":{"line":13,"column":13},"end":{"line":137,"column":null}}},"fnMap":{"0":{"name":"ngOnInit","decl":{"start":{"line":31,"column":4},"end":{"line":31,"column":12}},"loc":{"start":{"line":31,"column":12},"end":{"line":33,"column":null}},"line":31},"1":{"name":"checkLoginStatus","decl":{"start":{"line":35,"column":10},"end":{"line":35,"column":26}},"loc":{"start":{"line":35,"column":26},"end":{"line":42,"column":null}},"line":35},"2":{"name":"login","decl":{"start":{"line":44,"column":10},"end":{"line":44,"column":15}},"loc":{"start":{"line":44,"column":15},"end":{"line":62,"column":null}},"line":44},"3":{"name":"setTab","decl":{"start":{"line":64,"column":4},"end":{"line":64,"column":10}},"loc":{"start":{"line":64,"column":35},"end":{"line":66,"column":null}},"line":64},"4":{"name":"syncProfile","decl":{"start":{"line":68,"column":10},"end":{"line":68,"column":21}},"loc":{"start":{"line":68,"column":21},"end":{"line":85,"column":null}},"line":68},"5":{"name":"fetchPosts","decl":{"start":{"line":87,"column":10},"end":{"line":87,"column":20}},"loc":{"start":{"line":87,"column":20},"end":{"line":104,"column":null}},"line":87},"6":{"name":"transferPost","decl":{"start":{"line":106,"column":10},"end":{"line":106,"column":22}},"loc":{"start":{"line":106,"column":41},"end":{"line":124,"column":null}},"line":106},"7":{"name":"(anonymous_7)","decl":{"start":{"line":115,"column":43},"end":{"line":115,"column":44}},"loc":{"start":{"line":115,"column":48},"end":{"line":115,"column":64}},"line":115},"8":{"name":"clearMessageAfterDelay","decl":{"start":{"line":126,"column":4},"end":{"line":126,"column":26}},"loc":{"start":{"line":126,"column":26},"end":{"line":130,"column":null}},"line":126},"9":{"name":"(anonymous_9)","decl":{"start":{"line":127,"column":19},"end":{"line":127,"column":22}},"loc":{"start":{"line":127,"column":24},"end":{"line":129,"column":9}},"line":127},"10":{"name":"truncateText","decl":{"start":{"line":132,"column":4},"end":{"line":132,"column":16}},"loc":{"start":{"line":132,"column":51},"end":{"line":136,"column":null}},"line":132}},"branchMap":{"0":{"loc":{"start":{"line":45,"column":8},"end":{"line":45,"column":null}},"type":"if","locations":[{"start":{"line":45,"column":8},"end":{"line":45,"column":null}},{"start":{},"end":{}}],"line":45},"1":{"loc":{"start":{"line":45,"column":12},"end":{"line":45,"column":60}},"type":"binary-expr","locations":[{"start":{"line":45,"column":12},"end":{"line":45,"column":34}},{"start":{"line":45,"column":38},"end":{"line":45,"column":60}}],"line":45},"2":{"loc":{"start":{"line":57,"column":33},"end":{"line":57,"column":99}},"type":"binary-expr","locations":[{"start":{"line":57,"column":33},"end":{"line":57,"column":42}},{"start":{"line":57,"column":46},"end":{"line":57,"column":99}}],"line":57},"3":{"loc":{"start":{"line":100,"column":33},"end":{"line":100,"column":71}},"type":"binary-expr","locations":[{"start":{"line":100,"column":33},"end":{"line":100,"column":44}},{"start":{"line":100,"column":48},"end":{"line":100,"column":71}}],"line":100},"4":{"loc":{"start":{"line":107,"column":8},"end":{"line":107,"column":null}},"type":"if","locations":[{"start":{"line":107,"column":8},"end":{"line":107,"column":null}},{"start":{},"end":{}}],"line":107},"5":{"loc":{"start":{"line":132,"column":31},"end":{"line":132,"column":51}},"type":"default-arg","locations":[{"start":{"line":132,"column":48},"end":{"line":132,"column":51}}],"line":132},"6":{"loc":{"start":{"line":133,"column":8},"end":{"line":133,"column":null}},"type":"if","locations":[{"start":{"line":133,"column":8},"end":{"line":133,"column":null}},{"start":{},"end":{}}],"line":133},"7":{"loc":{"start":{"line":134,"column":8},"end":{"line":134,"column":null}},"type":"if","locations":[{"start":{"line":134,"column":8},"end":{"line":134,"column":null}},{"start":{},"end":{}}],"line":134}},"s":{"0":2,"1":21,"2":21,"3":21,"4":21,"5":21,"6":21,"7":21,"8":21,"9":21,"10":21,"11":21,"12":21,"13":21,"14":21,"15":23,"16":23,"17":22,"18":1,"19":4,"20":1,"21":3,"22":3,"23":3,"24":3,"25":1,"26":1,"27":1,"28":1,"29":2,"30":3,"31":3,"32":1,"33":2,"34":2,"35":2,"36":2,"37":1,"38":1,"39":1,"40":1,"41":1,"42":1,"43":1,"44":1,"45":2,"46":4,"47":4,"48":4,"49":4,"50":1,"51":1,"52":1,"53":1,"54":1,"55":3,"56":3,"57":3,"58":4,"59":3,"60":1,"61":2,"62":2,"63":2,"64":2,"65":1,"66":1,"67":1,"68":1,"69":1,"70":1,"71":1,"72":1,"73":2,"74":1,"75":1,"76":4,"77":1,"78":3,"79":2,"80":1,"81":2},"f":{"0":21,"1":23,"2":4,"3":1,"4":2,"5":4,"6":3,"7":1,"8":1,"9":1,"10":4},"b":{"0":[1,3],"1":[4,3],"2":[2,1],"3":[3,1],"4":[1,2],"5":[4],"6":[1,3],"7":[2,1]},"meta":{"lastBranch":8,"lastFunction":11,"lastStatement":82,"seen":{"s:13:7:137:Infinity":0,"s:14:27:14:53":1,"s:15:15:15:43":2,"s:17:23:17:28":3,"s:18:22:18:27":4,"s:19:40:19:44":5,"s:20:37:20:44":6,"s:22:17:22:22":7,"s:23:18:23:23":8,"s:24:23:24:25":9,"s:25:23:25:25":10,"s:27:23:27:27":11,"s:28:28:28:30":12,"s:29:28:29:30":13,"f:31:4:31:12":0,"s:32:8:32:Infinity":14,"f:35:10:35:26":1,"s:36:8:41:Infinity":15,"s:37:27:37:65":16,"s:38:12:38:Infinity":17,"s:40:12:40:Infinity":18,"f:44:10:44:15":2,"b:45:8:45:Infinity:undefined:undefined:undefined:undefined":0,"s:45:8:45:Infinity":19,"b:45:12:45:34:45:38:45:60":1,"s:45:62:45:Infinity":20,"s:47:8:47:Infinity":21,"s:48:8:48:Infinity":22,"s:50:8:61:Infinity":23,"s:51:12:51:Infinity":24,"s:52:12:52:Infinity":25,"s:53:12:53:Infinity":26,"s:54:12:54:Infinity":27,"s:55:12:55:39":28,"s:57:12:57:Infinity":29,"b:57:33:57:42:57:46:57:99":2,"s:59:12:59:Infinity":30,"s:60:12:60:Infinity":31,"f:64:4:64:10":3,"s:65:8:65:Infinity":32,"f:68:10:68:21":4,"s:69:8:69:Infinity":33,"s:70:8:70:Infinity":34,"s:71:8:84:Infinity":35,"s:72:25:72:65":36,"s:73:12:73:Infinity":37,"s:74:12:74:Infinity":38,"s:75:12:75:Infinity":39,"s:76:12:76:Infinity":40,"s:77:12:77:Infinity":41,"s:79:12:79:Infinity":42,"s:80:12:80:Infinity":43,"s:81:12:81:Infinity":44,"s:83:12:83:Infinity":45,"f:87:10:87:20":5,"s:88:8:88:Infinity":46,"s:89:8:89:Infinity":47,"s:90:8:103:Infinity":48,"s:91:26:91:63":49,"s:92:12:92:Infinity":50,"s:93:12:93:Infinity":51,"s:94:12:94:Infinity":52,"s:95:12:95:Infinity":53,"s:96:12:96:Infinity":54,"s:98:12:98:Infinity":55,"s:99:12:99:Infinity":56,"s:100:12:100:Infinity":57,"b:100:33:100:44:100:48:100:71":3,"s:102:12:102:Infinity":58,"f:106:10:106:22":6,"b:107:8:107:Infinity:undefined:undefined:undefined:undefined":4,"s:107:8:107:Infinity":59,"s:107:37:107:Infinity":60,"s:109:8:109:Infinity":61,"s:110:8:110:Infinity":62,"s:111:8:123:Infinity":63,"s:112:24:112:69":64,"s:113:12:113:Infinity":65,"s:114:12:114:Infinity":66,"s:115:12:115:Infinity":67,"f:115:43:115:44":7,"s:115:48:115:64":68,"s:116:12:116:Infinity":69,"s:118:12:118:Infinity":70,"s:119:12:119:Infinity":71,"s:120:12:120:Infinity":72,"s:122:12:122:Infinity":73,"f:126:4:126:26":8,"s:127:8:129:Infinity":74,"f:127:19:127:22":9,"s:128:12:128:Infinity":75,"f:132:4:132:16":10,"b:132:48:132:51":5,"b:133:8:133:Infinity:undefined:undefined:undefined:undefined":6,"s:133:8:133:Infinity":76,"s:133:19:133:Infinity":77,"b:134:8:134:Infinity:undefined:undefined:undefined:undefined":7,"s:134:8:134:Infinity":78,"s:134:35:134:Infinity":79,"s:135:8:135:Infinity":80,"s:13:13:137:Infinity":81},"fnNames":{}}}
,"/Users/maverick/Projects/mavrov.de/frontend/projects/admin/src/app/components/admin/login/login.component.ts": {"path":"/Users/maverick/Projects/mavrov.de/frontend/projects/admin/src/app/components/admin/login/login.component.ts","statementMap":{"0":{"start":{"line":15,"column":7},"end":{"line":61,"column":null}},"1":{"start":{"line":16,"column":13},"end":{"line":16,"column":15}},"2":{"start":{"line":17,"column":13},"end":{"line":17,"column":15}},"3":{"start":{"line":18,"column":12},"end":{"line":18,"column":17}},"4":{"start":{"line":19,"column":17},"end":{"line":19,"column":19}},"5":{"start":{"line":22,"column":12},"end":{"line":22,"column":36}},"6":{"start":{"line":23,"column":12},"end":{"line":23,"column":26}},"7":{"start":{"line":24,"column":12},"end":{"line":24,"column":33}},"8":{"start":{"line":25,"column":12},"end":{"line":25,"column":34}},"9":{"start":{"line":29,"column":4},"end":{"line":31,"column":null}},"10":{"start":{"line":30,"column":6},"end":{"line":30,"column":null}},"11":{"start":{"line":33,"column":4},"end":{"line":33,"column":null}},"12":{"start":{"line":34,"column":4},"end":{"line":34,"column":null}},"13":{"start":{"line":36,"column":4},"end":{"line":60,"column":null}},"14":{"start":{"line":38,"column":28},"end":{"line":38,"column":48}},"15":{"start":{"line":41,"column":10},"end":{"line":41,"column":null}},"16":{"start":{"line":42,"column":28},"end":{"line":42,"column":88}},"17":{"start":{"line":43,"column":10},"end":{"line":43,"column":null}},"18":{"start":{"line":44,"column":10},"end":{"line":44,"column":null}},"19":{"start":{"line":47,"column":10},"end":{"line":47,"column":null}},"20":{"start":{"line":48,"column":10},"end":{"line":56,"column":null}},"21":{"start":{"line":49,"column":12},"end":{"line":49,"column":null}},"22":{"start":{"line":50,"column":17},"end":{"line":56,"column":null}},"23":{"start":{"line":51,"column":12},"end":{"line":52,"column":null}},"24":{"start":{"line":54,"column":12},"end":{"line":55,"column":null}},"25":{"start":{"line":57,"column":10},"end":{"line":57,"column":null}},"26":{"start":{"line":58,"column":10},"end":{"line":58,"column":null}},"27":{"start":{"line":15,"column":13},"end":{"line":62,"column":null}}},"fnMap":{"0":{"name":"constructor","decl":{"start":{"line":21,"column":2},"end":{"line":21,"column":null}},"loc":{"start":{"line":25,"column":34},"end":{"line":26,"column":null}},"line":25},"1":{"name":"onSubmit","decl":{"start":{"line":28,"column":2},"end":{"line":28,"column":10}},"loc":{"start":{"line":28,"column":10},"end":{"line":61,"column":null}},"line":28},"2":{"name":"(anonymous_2)","decl":{"start":{"line":38,"column":21},"end":{"line":38,"column":24}},"loc":{"start":{"line":38,"column":28},"end":{"line":38,"column":48}},"line":38},"3":{"name":"(anonymous_3)","decl":{"start":{"line":40,"column":14},"end":{"line":40,"column":17}},"loc":{"start":{"line":40,"column":19},"end":{"line":45,"column":9}},"line":40},"4":{"name":"(anonymous_4)","decl":{"start":{"line":46,"column":15},"end":{"line":46,"column":16}},"loc":{"start":{"line":46,"column":30},"end":{"line":59,"column":9}},"line":46}},"branchMap":{"0":{"loc":{"start":{"line":29,"column":4},"end":{"line":31,"column":null}},"type":"if","locations":[{"start":{"line":29,"column":4},"end":{"line":31,"column":null}},{"start":{},"end":{}}],"line":29},"1":{"loc":{"start":{"line":29,"column":8},"end":{"line":29,"column":40}},"type":"binary-expr","locations":[{"start":{"line":29,"column":8},"end":{"line":29,"column":22}},{"start":{"line":29,"column":26},"end":{"line":29,"column":40}}],"line":29},"2":{"loc":{"start":{"line":42,"column":28},"end":{"line":42,"column":88}},"type":"binary-expr","locations":[{"start":{"line":42,"column":28},"end":{"line":42,"column":72}},{"start":{"line":42,"column":76},"end":{"line":42,"column":88}}],"line":42},"3":{"loc":{"start":{"line":48,"column":10},"end":{"line":56,"column":null}},"type":"if","locations":[{"start":{"line":48,"column":10},"end":{"line":56,"column":null}},{"start":{"line":50,"column":17},"end":{"line":56,"column":null}}],"line":48},"4":{"loc":{"start":{"line":50,"column":17},"end":{"line":56,"column":null}},"type":"if","locations":[{"start":{"line":50,"column":17},"end":{"line":56,"column":null}},{"start":{"line":53,"column":17},"end":{"line":56,"column":null}}],"line":50},"5":{"loc":{"start":{"line":55,"column":14},"end":{"line":55,"column":86}},"type":"binary-expr","locations":[{"start":{"line":55,"column":14},"end":{"line":55,"column":33}},{"start":{"line":55,"column":37},"end":{"line":55,"column":86}}],"line":55}},"s":{"0":1,"1":8,"2":8,"3":8,"4":8,"5":8,"6":8,"7":8,"8":8,"9":7,"10":1,"11":6,"12":6,"13":6,"14":6,"15":2,"16":2,"17":2,"18":2,"19":4,"20":4,"21":1,"22":3,"23":1,"24":2,"25":4,"26":4,"27":1},"f":{"0":8,"1":7,"2":6,"3":2,"4":4},"b":{"0":[1,6],"1":[7,6],"2":[2,1],"3":[1,3],"4":[1,2],"5":[2,1]},"meta":{"lastBranch":6,"lastFunction":5,"lastStatement":28,"seen":{"s:15:7:61:Infinity":0,"s:16:13:16:15":1,"s:17:13:17:15":2,"s:18:12:18:17":3,"s:19:17:19:19":4,"f:21:2:21:Infinity":0,"s:22:12:22:36":5,"s:23:12:23:26":6,"s:24:12:24:33":7,"s:25:12:25:34":8,"f:28:2:28:10":1,"b:29:4:31:Infinity:undefined:undefined:undefined:undefined":0,"s:29:4:31:Infinity":9,"b:29:8:29:22:29:26:29:40":1,"s:30:6:30:Infinity":10,"s:33:4:33:Infinity":11,"s:34:4:34:Infinity":12,"s:36:4:60:Infinity":13,"f:38:21:38:24":2,"s:38:28:38:48":14,"f:40:14:40:17":3,"s:41:10:41:Infinity":15,"s:42:28:42:88":16,"b:42:28:42:72:42:76:42:88":2,"s:43:10:43:Infinity":17,"s:44:10:44:Infinity":18,"f:46:15:46:16":4,"s:47:10:47:Infinity":19,"b:48:10:56:Infinity:50:17:56:Infinity":3,"s:48:10:56:Infinity":20,"s:49:12:49:Infinity":21,"b:50:17:56:Infinity:53:17:56:Infinity":4,"s:50:17:56:Infinity":22,"s:51:12:52:Infinity":23,"s:54:12:55:Infinity":24,"b:55:14:55:33:55:37:55:86":5,"s:57:10:57:Infinity":25,"s:58:10:58:Infinity":26,"s:15:13:62:Infinity":27},"fnNames":{}}}
,"/Users/maverick/Projects/mavrov.de/frontend/projects/admin/src/app/components/admin/post-editor/post-editor.component.ts": {"path":"/Users/maverick/Projects/mavrov.de/frontend/projects/admin/src/app/components/admin/post-editor/post-editor.component.ts","statementMap":{"0":{"start":{"line":25,"column":7},"end":{"line":347,"column":null}},"1":{"start":{"line":26,"column":19},"end":{"line":35,"column":null}},"2":{"start":{"line":36,"column":42},"end":{"line":36,"column":46}},"3":{"start":{"line":38,"column":15},"end":{"line":38,"column":20}},"4":{"start":{"line":39,"column":29},"end":{"line":39,"column":33}},"5":{"start":{"line":40,"column":11},"end":{"line":40,"column":16}},"6":{"start":{"line":41,"column":12},"end":{"line":41,"column":17}},"7":{"start":{"line":42,"column":13},"end":{"line":42,"column":18}},"8":{"start":{"line":43,"column":19},"end":{"line":43,"column":24}},"9":{"start":{"line":44,"column":17},"end":{"line":44,"column":19}},"10":{"start":{"line":45,"column":11},"end":{"line":45,"column":13}},"11":{"start":{"line":47,"column":20},"end":{"line":47,"column":25}},"12":{"start":{"line":48,"column":19},"end":{"line":48,"column":24}},"13":{"start":{"line":49,"column":22},"end":{"line":49,"column":27}},"14":{"start":{"line":50,"column":18},"end":{"line":50,"column":23}},"15":{"start":{"line":263,"column":30},"end":{"line":263,"column":34}},"16":{"start":{"line":264,"column":32},"end":{"line":264,"column":36}},"17":{"start":{"line":53,"column":12},"end":{"line":53,"column":36}},"18":{"start":{"line":54,"column":12},"end":{"line":54,"column":26}},"19":{"start":{"line":55,"column":12},"end":{"line":55,"column":33}},"20":{"start":{"line":56,"column":12},"end":{"line":56,"column":34}},"21":{"start":{"line":60,"column":20},"end":{"line":60,"column":58}},"22":{"start":{"line":61,"column":4},"end":{"line":69,"column":null}},"23":{"start":{"line":62,"column":17},"end":{"line":62,"column":25}},"24":{"start":{"line":63,"column":6},"end":{"line":68,"column":null}},"25":{"start":{"line":64,"column":8},"end":{"line":64,"column":null}},"26":{"start":{"line":65,"column":8},"end":{"line":65,"column":null}},"27":{"start":{"line":66,"column":8},"end":{"line":66,"column":null}},"28":{"start":{"line":67,"column":8},"end":{"line":67,"column":null}},"29":{"start":{"line":73,"column":4},"end":{"line":96,"column":null}},"30":{"start":{"line":75,"column":8},"end":{"line":87,"column":null}},"31":{"start":{"line":76,"column":10},"end":{"line":85,"column":null}},"32":{"start":{"line":86,"column":10},"end":{"line":86,"column":null}},"33":{"start":{"line":88,"column":8},"end":{"line":88,"column":null}},"34":{"start":{"line":89,"column":8},"end":{"line":89,"column":null}},"35":{"start":{"line":92,"column":8},"end":{"line":92,"column":null}},"36":{"start":{"line":93,"column":8},"end":{"line":93,"column":null}},"37":{"start":{"line":94,"column":8},"end":{"line":94,"column":null}},"38":{"start":{"line":100,"column":4},"end":{"line":100,"column":null}},"39":{"start":{"line":100,"column":48},"end":{"line":100,"column":null}},"40":{"start":{"line":101,"column":4},"end":{"line":103,"column":null}},"41":{"start":{"line":102,"column":6},"end":{"line":102,"column":null}},"42":{"start":{"line":104,"column":4},"end":{"line":104,"column":null}},"43":{"start":{"line":108,"column":4},"end":{"line":114,"column":null}},"44":{"start":{"line":110,"column":6},"end":{"line":113,"column":null}},"45":{"start":{"line":118,"column":4},"end":{"line":118,"column":null}},"46":{"start":{"line":118,"column":22},"end":{"line":118,"column":null}},"47":{"start":{"line":119,"column":16},"end":{"line":119,"column":34}},"48":{"start":{"line":120,"column":4},"end":{"line":120,"column":null}},"49":{"start":{"line":120,"column":14},"end":{"line":120,"column":null}},"50":{"start":{"line":122,"column":4},"end":{"line":125,"column":null}},"51":{"start":{"line":123,"column":6},"end":{"line":123,"column":null}},"52":{"start":{"line":124,"column":6},"end":{"line":124,"column":null}},"53":{"start":{"line":127,"column":4},"end":{"line":129,"column":null}},"54":{"start":{"line":128,"column":6},"end":{"line":128,"column":null}},"55":{"start":{"line":130,"column":4},"end":{"line":130,"column":null}},"56":{"start":{"line":134,"column":4},"end":{"line":134,"column":null}},"57":{"start":{"line":134,"column":50},"end":{"line":134,"column":59}},"58":{"start":{"line":138,"column":4},"end":{"line":141,"column":null}},"59":{"start":{"line":139,"column":6},"end":{"line":139,"column":null}},"60":{"start":{"line":140,"column":6},"end":{"line":140,"column":null}},"61":{"start":{"line":143,"column":4},"end":{"line":143,"column":null}},"62":{"start":{"line":144,"column":4},"end":{"line":168,"column":null}},"63":{"start":{"line":146,"column":8},"end":{"line":146,"column":null}},"64":{"start":{"line":147,"column":8},"end":{"line":159,"column":null}},"65":{"start":{"line":148,"column":33},"end":{"line":148,"column":58}},"66":{"start":{"line":149,"column":10},"end":{"line":156,"column":null}},"67":{"start":{"line":150,"column":28},"end":{"line":152,"column":39}},"68":{"start":{"line":151,"column":29},"end":{"line":151,"column":56}},"69":{"start":{"line":153,"column":12},"end":{"line":153,"column":null}},"70":{"start":{"line":155,"column":12},"end":{"line":155,"column":null}},"71":{"start":{"line":158,"column":10},"end":{"line":158,"column":null}},"72":{"start":{"line":160,"column":8},"end":{"line":160,"column":null}},"73":{"start":{"line":163,"column":8},"end":{"line":163,"column":null}},"74":{"start":{"line":164,"column":8},"end":{"line":164,"column":null}},"75":{"start":{"line":165,"column":8},"end":{"line":165,"column":null}},"76":{"start":{"line":166,"column":8},"end":{"line":166,"column":null}},"77":{"start":{"line":172,"column":4},"end":{"line":175,"column":null}},"78":{"start":{"line":173,"column":6},"end":{"line":173,"column":null}},"79":{"start":{"line":174,"column":6},"end":{"line":174,"column":null}},"80":{"start":{"line":176,"column":4},"end":{"line":176,"column":null}},"81":{"start":{"line":177,"column":4},"end":{"line":187,"column":null}},"82":{"start":{"line":179,"column":8},"end":{"line":179,"column":null}},"83":{"start":{"line":179,"column":23},"end":{"line":179,"column":null}},"84":{"start":{"line":180,"column":8},"end":{"line":180,"column":null}},"85":{"start":{"line":181,"column":8},"end":{"line":181,"column":null}},"86":{"start":{"line":184,"column":8},"end":{"line":184,"column":null}},"87":{"start":{"line":185,"column":8},"end":{"line":185,"column":null}},"88":{"start":{"line":191,"column":4},"end":{"line":194,"column":null}},"89":{"start":{"line":192,"column":6},"end":{"line":192,"column":null}},"90":{"start":{"line":193,"column":6},"end":{"line":193,"column":null}},"91":{"start":{"line":195,"column":4},"end":{"line":195,"column":null}},"92":{"start":{"line":196,"column":4},"end":{"line":206,"column":null}},"93":{"start":{"line":198,"column":8},"end":{"line":198,"column":null}},"94":{"start":{"line":198,"column":22},"end":{"line":198,"column":null}},"95":{"start":{"line":199,"column":8},"end":{"line":199,"column":null}},"96":{"start":{"line":200,"column":8},"end":{"line":200,"column":null}},"97":{"start":{"line":203,"column":8},"end":{"line":203,"column":null}},"98":{"start":{"line":204,"column":8},"end":{"line":204,"column":null}},"99":{"start":{"line":210,"column":4},"end":{"line":213,"column":null}},"100":{"start":{"line":211,"column":6},"end":{"line":211,"column":null}},"101":{"start":{"line":212,"column":6},"end":{"line":212,"column":null}},"102":{"start":{"line":214,"column":4},"end":{"line":214,"column":null}},"103":{"start":{"line":215,"column":4},"end":{"line":225,"column":null}},"104":{"start":{"line":217,"column":8},"end":{"line":217,"column":null}},"105":{"start":{"line":217,"column":25},"end":{"line":217,"column":null}},"106":{"start":{"line":218,"column":8},"end":{"line":218,"column":null}},"107":{"start":{"line":219,"column":8},"end":{"line":219,"column":null}},"108":{"start":{"line":222,"column":8},"end":{"line":222,"column":null}},"109":{"start":{"line":223,"column":8},"end":{"line":223,"column":null}},"110":{"start":{"line":229,"column":4},"end":{"line":232,"column":null}},"111":{"start":{"line":230,"column":6},"end":{"line":230,"column":null}},"112":{"start":{"line":231,"column":6},"end":{"line":231,"column":null}},"113":{"start":{"line":233,"column":4},"end":{"line":233,"column":null}},"114":{"start":{"line":234,"column":4},"end":{"line":255,"column":null}},"115":{"start":{"line":236,"column":8},"end":{"line":236,"column":null}},"116":{"start":{"line":236,"column":23},"end":{"line":236,"column":null}},"117":{"start":{"line":237,"column":8},"end":{"line":237,"column":null}},"118":{"start":{"line":237,"column":22},"end":{"line":237,"column":null}},"119":{"start":{"line":238,"column":8},"end":{"line":238,"column":null}},"120":{"start":{"line":238,"column":25},"end":{"line":238,"column":null}},"121":{"start":{"line":239,"column":8},"end":{"line":247,"column":null}},"122":{"start":{"line":240,"column":33},"end":{"line":240,"column":58}},"123":{"start":{"line":241,"column":10},"end":{"line":246,"column":null}},"124":{"start":{"line":242,"column":28},"end":{"line":244,"column":39}},"125":{"start":{"line":243,"column":37},"end":{"line":243,"column":64}},"126":{"start":{"line":245,"column":12},"end":{"line":245,"column":null}},"127":{"start":{"line":248,"column":8},"end":{"line":248,"column":null}},"128":{"start":{"line":249,"column":8},"end":{"line":249,"column":null}},"129":{"start":{"line":252,"column":8},"end":{"line":252,"column":null}},"130":{"start":{"line":253,"column":8},"end":{"line":253,"column":null}},"131":{"start":{"line":259,"column":4},"end":{"line":259,"column":null}},"132":{"start":{"line":260,"column":4},"end":{"line":260,"column":20}},"133":{"start":{"line":269,"column":17},"end":{"line":269,"column":38}},"134":{"start":{"line":270,"column":4},"end":{"line":283,"column":null}},"135":{"start":{"line":271,"column":6},"end":{"line":271,"column":null}},"136":{"start":{"line":274,"column":21},"end":{"line":274,"column":37}},"137":{"start":{"line":275,"column":6},"end":{"line":278,"column":null}},"138":{"start":{"line":276,"column":8},"end":{"line":276,"column":null}},"139":{"start":{"line":277,"column":8},"end":{"line":277,"column":null}},"140":{"start":{"line":279,"column":6},"end":{"line":279,"column":null}},"141":{"start":{"line":287,"column":4},"end":{"line":287,"column":null}},"142":{"start":{"line":288,"column":4},"end":{"line":288,"column":null}},"143":{"start":{"line":291,"column":6},"end":{"line":293,"column":48}},"144":{"start":{"line":295,"column":4},"end":{"line":320,"column":null}},"145":{"start":{"line":298,"column":8},"end":{"line":311,"column":null}},"146":{"start":{"line":299,"column":10},"end":{"line":308,"column":null}},"147":{"start":{"line":301,"column":14},"end":{"line":301,"column":null}},"148":{"start":{"line":304,"column":14},"end":{"line":304,"column":null}},"149":{"start":{"line":306,"column":14},"end":{"line":306,"column":null}},"150":{"start":{"line":310,"column":10},"end":{"line":310,"column":null}},"151":{"start":{"line":314,"column":8},"end":{"line":314,"column":null}},"152":{"start":{"line":317,"column":8},"end":{"line":317,"column":null}},"153":{"start":{"line":318,"column":8},"end":{"line":318,"column":null}},"154":{"start":{"line":324,"column":4},"end":{"line":324,"column":null}},"155":{"start":{"line":328,"column":4},"end":{"line":330,"column":null}},"156":{"start":{"line":329,"column":6},"end":{"line":329,"column":null}},"157":{"start":{"line":332,"column":4},"end":{"line":332,"column":null}},"158":{"start":{"line":333,"column":4},"end":{"line":333,"column":null}},"159":{"start":{"line":334,"column":4},"end":{"line":334,"column":null}},"160":{"start":{"line":336,"column":4},"end":{"line":346,"column":null}},"161":{"start":{"line":338,"column":8},"end":{"line":338,"column":null}},"162":{"start":{"line":341,"column":8},"end":{"line":341,"column":null}},"163":{"start":{"line":342,"column":8},"end":{"line":342,"column":null}},"164":{"start":{"line":343,"column":8},"end":{"line":343,"column":null}},"165":{"start":{"line":344,"column":8},"end":{"line":344,"column":null}},"166":{"start":{"line":25,"column":13},"end":{"line":348,"column":null}}},"fnMap":{"0":{"name":"constructor","decl":{"start":{"line":52,"column":2},"end":{"line":52,"column":null}},"loc":{"start":{"line":56,"column":34},"end":{"line":57,"column":null}},"line":56},"1":{"name":"ngOnInit","decl":{"start":{"line":59,"column":2},"end":{"line":59,"column":10}},"loc":{"start":{"line":59,"column":10},"end":{"line":70,"column":null}},"line":59},"2":{"name":"loadPost","decl":{"start":{"line":72,"column":10},"end":{"line":72,"column":18}},"loc":{"start":{"line":72,"column":29},"end":{"line":97,"column":null}},"line":72},"3":{"name":"(anonymous_3)","decl":{"start":{"line":74,"column":12},"end":{"line":74,"column":13}},"loc":{"start":{"line":74,"column":21},"end":{"line":90,"column":7}},"line":74},"4":{"name":"(anonymous_4)","decl":{"start":{"line":91,"column":13},"end":{"line":91,"column":14}},"loc":{"start":{"line":91,"column":23},"end":{"line":95,"column":7}},"line":91},"5":{"name":"isChanged","decl":{"start":{"line":99,"column":2},"end":{"line":99,"column":11}},"loc":{"start":{"line":99,"column":33},"end":{"line":105,"column":null}},"line":99},"6":{"name":"onTitleChange","decl":{"start":{"line":107,"column":2},"end":{"line":107,"column":15}},"loc":{"start":{"line":107,"column":15},"end":{"line":115,"column":null}},"line":107},"7":{"name":"addTag","decl":{"start":{"line":117,"column":2},"end":{"line":117,"column":8}},"loc":{"start":{"line":117,"column":8},"end":{"line":131,"column":null}},"line":117},"8":{"name":"removeTag","decl":{"start":{"line":133,"column":2},"end":{"line":133,"column":11}},"loc":{"start":{"line":133,"column":23},"end":{"line":135,"column":null}},"line":133},"9":{"name":"(anonymous_9)","decl":{"start":{"line":134,"column":43},"end":{"line":134,"column":44}},"loc":{"start":{"line":134,"column":50},"end":{"line":134,"column":59}},"line":134},"10":{"name":"suggestTags","decl":{"start":{"line":137,"column":2},"end":{"line":137,"column":13}},"loc":{"start":{"line":137,"column":13},"end":{"line":169,"column":null}},"line":137},"11":{"name":"(anonymous_11)","decl":{"start":{"line":145,"column":12},"end":{"line":145,"column":13}},"loc":{"start":{"line":145,"column":25},"end":{"line":161,"column":7}},"line":145},"12":{"name":"(anonymous_12)","decl":{"start":{"line":151,"column":22},"end":{"line":151,"column":23}},"loc":{"start":{"line":151,"column":29},"end":{"line":151,"column":56}},"line":151},"13":{"name":"(anonymous_13)","decl":{"start":{"line":162,"column":13},"end":{"line":162,"column":14}},"loc":{"start":{"line":162,"column":21},"end":{"line":167,"column":7}},"line":162},"14":{"name":"suggestTitle","decl":{"start":{"line":171,"column":2},"end":{"line":171,"column":14}},"loc":{"start":{"line":171,"column":14},"end":{"line":188,"column":null}},"line":171},"15":{"name":"(anonymous_15)","decl":{"start":{"line":178,"column":12},"end":{"line":178,"column":13}},"loc":{"start":{"line":178,"column":20},"end":{"line":182,"column":7}},"line":178},"16":{"name":"(anonymous_16)","decl":{"start":{"line":183,"column":13},"end":{"line":183,"column":16}},"loc":{"start":{"line":183,"column":18},"end":{"line":186,"column":7}},"line":183},"17":{"name":"suggestSlug","decl":{"start":{"line":190,"column":2},"end":{"line":190,"column":13}},"loc":{"start":{"line":190,"column":13},"end":{"line":207,"column":null}},"line":190},"18":{"name":"(anonymous_18)","decl":{"start":{"line":197,"column":12},"end":{"line":197,"column":13}},"loc":{"start":{"line":197,"column":20},"end":{"line":201,"column":7}},"line":197},"19":{"name":"(anonymous_19)","decl":{"start":{"line":202,"column":13},"end":{"line":202,"column":16}},"loc":{"start":{"line":202,"column":18},"end":{"line":205,"column":7}},"line":202},"20":{"name":"suggestSummary","decl":{"start":{"line":209,"column":2},"end":{"line":209,"column":16}},"loc":{"start":{"line":209,"column":16},"end":{"line":226,"column":null}},"line":209},"21":{"name":"(anonymous_21)","decl":{"start":{"line":216,"column":12},"end":{"line":216,"column":13}},"loc":{"start":{"line":216,"column":20},"end":{"line":220,"column":7}},"line":216},"22":{"name":"(anonymous_22)","decl":{"start":{"line":221,"column":13},"end":{"line":221,"column":16}},"loc":{"start":{"line":221,"column":18},"end":{"line":224,"column":7}},"line":221},"23":{"name":"suggestAll","decl":{"start":{"line":228,"column":2},"end":{"line":228,"column":12}},"loc":{"start":{"line":228,"column":12},"end":{"line":256,"column":null}},"line":228},"24":{"name":"(anonymous_24)","decl":{"start":{"line":235,"column":12},"end":{"line":235,"column":13}},"loc":{"start":{"line":235,"column":20},"end":{"line":250,"column":7}},"line":235},"25":{"name":"(anonymous_25)","decl":{"start":{"line":243,"column":22},"end":{"line":243,"column":23}},"loc":{"start":{"line":243,"column":37},"end":{"line":243,"column":64}},"line":243},"26":{"name":"(anonymous_26)","decl":{"start":{"line":251,"column":13},"end":{"line":251,"column":16}},"loc":{"start":{"line":251,"column":18},"end":{"line":254,"column":7}},"line":251},"27":{"name":"togglePublish","decl":{"start":{"line":258,"column":2},"end":{"line":258,"column":15}},"loc":{"start":{"line":258,"column":15},"end":{"line":261,"column":null}},"line":258},"28":{"name":"onFileSelected","decl":{"start":{"line":268,"column":2},"end":{"line":268,"column":16}},"loc":{"start":{"line":268,"column":27},"end":{"line":284,"column":null}},"line":268},"29":{"name":"(anonymous_29)","decl":{"start":{"line":275,"column":22},"end":{"line":275,"column":23}},"loc":{"start":{"line":275,"column":28},"end":{"line":278,"column":7}},"line":275},"30":{"name":"onSubmit","decl":{"start":{"line":286,"column":2},"end":{"line":286,"column":10}},"loc":{"start":{"line":286,"column":10},"end":{"line":321,"column":null}},"line":286},"31":{"name":"(anonymous_31)","decl":{"start":{"line":296,"column":12},"end":{"line":296,"column":13}},"loc":{"start":{"line":296,"column":26},"end":{"line":312,"column":7}},"line":296},"32":{"name":"(anonymous_32)","decl":{"start":{"line":300,"column":18},"end":{"line":300,"column":21}},"loc":{"start":{"line":300,"column":23},"end":{"line":302,"column":13}},"line":300},"33":{"name":"(anonymous_33)","decl":{"start":{"line":303,"column":19},"end":{"line":303,"column":20}},"loc":{"start":{"line":303,"column":27},"end":{"line":307,"column":null}},"line":303},"34":{"name":"(anonymous_34)","decl":{"start":{"line":313,"column":13},"end":{"line":313,"column":14}},"loc":{"start":{"line":313,"column":23},"end":{"line":319,"column":7}},"line":313},"35":{"name":"cancel","decl":{"start":{"line":323,"column":2},"end":{"line":323,"column":8}},"loc":{"start":{"line":323,"column":8},"end":{"line":325,"column":null}},"line":323},"36":{"name":"deletePost","decl":{"start":{"line":327,"column":2},"end":{"line":327,"column":12}},"loc":{"start":{"line":327,"column":12},"end":{"line":347,"column":null}},"line":327},"37":{"name":"(anonymous_37)","decl":{"start":{"line":337,"column":12},"end":{"line":337,"column":15}},"loc":{"start":{"line":337,"column":17},"end":{"line":339,"column":7}},"line":337},"38":{"name":"(anonymous_38)","decl":{"start":{"line":340,"column":13},"end":{"line":340,"column":14}},"loc":{"start":{"line":340,"column":23},"end":{"line":345,"column":7}},"line":340}},"branchMap":{"0":{"loc":{"start":{"line":61,"column":4},"end":{"line":69,"column":null}},"type":"if","locations":[{"start":{"line":61,"column":4},"end":{"line":69,"column":null}},{"start":{},"end":{}}],"line":61},"1":{"loc":{"start":{"line":61,"column":8},"end":{"line":61,"column":36}},"type":"binary-expr","locations":[{"start":{"line":61,"column":8},"end":{"line":61,"column":15}},{"start":{"line":61,"column":19},"end":{"line":61,"column":36}}],"line":61},"2":{"loc":{"start":{"line":63,"column":6},"end":{"line":68,"column":null}},"type":"if","locations":[{"start":{"line":63,"column":6},"end":{"line":68,"column":null}},{"start":{},"end":{}}],"line":63},"3":{"loc":{"start":{"line":75,"column":8},"end":{"line":87,"column":null}},"type":"if","locations":[{"start":{"line":75,"column":8},"end":{"line":87,"column":null}},{"start":{},"end":{}}],"line":75},"4":{"loc":{"start":{"line":80,"column":21},"end":{"line":80,"column":39}},"type":"binary-expr","locations":[{"start":{"line":80,"column":21},"end":{"line":80,"column":33}},{"start":{"line":80,"column":37},"end":{"line":80,"column":39}}],"line":80},"5":{"loc":{"start":{"line":81,"column":23},"end":{"line":81,"column":43}},"type":"binary-expr","locations":[{"start":{"line":81,"column":23},"end":{"line":81,"column":37}},{"start":{"line":81,"column":41},"end":{"line":81,"column":43}}],"line":81},"6":{"loc":{"start":{"line":84,"column":23},"end":{"line":84,"column":38}},"type":"binary-expr","locations":[{"start":{"line":84,"column":23},"end":{"line":84,"column":32}},{"start":{"line":84,"column":36},"end":{"line":84,"column":38}}],"line":84},"7":{"loc":{"start":{"line":100,"column":4},"end":{"line":100,"column":null}},"type":"if","locations":[{"start":{"line":100,"column":4},"end":{"line":100,"column":null}},{"start":{},"end":{}}],"line":100},"8":{"loc":{"start":{"line":100,"column":8},"end":{"line":100,"column":46}},"type":"binary-expr","locations":[{"start":{"line":100,"column":8},"end":{"line":100,"column":24}},{"start":{"line":100,"column":28},"end":{"line":100,"column":46}}],"line":100},"9":{"loc":{"start":{"line":101,"column":4},"end":{"line":103,"column":null}},"type":"if","locations":[{"start":{"line":101,"column":4},"end":{"line":103,"column":null}},{"start":{},"end":{}}],"line":101},"10":{"loc":{"start":{"line":108,"column":4},"end":{"line":114,"column":null}},"type":"if","locations":[{"start":{"line":108,"column":4},"end":{"line":114,"column":null}},{"start":{},"end":{}}],"line":108},"11":{"loc":{"start":{"line":118,"column":4},"end":{"line":118,"column":null}},"type":"if","locations":[{"start":{"line":118,"column":4},"end":{"line":118,"column":null}},{"start":{},"end":{}}],"line":118},"12":{"loc":{"start":{"line":120,"column":4},"end":{"line":120,"column":null}},"type":"if","locations":[{"start":{"line":120,"column":4},"end":{"line":120,"column":null}},{"start":{},"end":{}}],"line":120},"13":{"loc":{"start":{"line":122,"column":4},"end":{"line":125,"column":null}},"type":"if","locations":[{"start":{"line":122,"column":4},"end":{"line":125,"column":null}},{"start":{},"end":{}}],"line":122},"14":{"loc":{"start":{"line":127,"column":4},"end":{"line":129,"column":null}},"type":"if","locations":[{"start":{"line":127,"column":4},"end":{"line":129,"column":null}},{"start":{},"end":{}}],"line":127},"15":{"loc":{"start":{"line":138,"column":4},"end":{"line":141,"column":null}},"type":"if","locations":[{"start":{"line":138,"column":4},"end":{"line":141,"column":null}},{"start":{},"end":{}}],"line":138},"16":{"loc":{"start":{"line":138,"column":8},"end":{"line":138,"column":46}},"type":"binary-expr","locations":[{"start":{"line":138,"column":8},"end":{"line":138,"column":24}},{"start":{"line":138,"column":28},"end":{"line":138,"column":46}}],"line":138},"17":{"loc":{"start":{"line":147,"column":8},"end":{"line":159,"column":null}},"type":"if","locations":[{"start":{"line":147,"column":8},"end":{"line":159,"column":null}},{"start":{"line":157,"column":15},"end":{"line":159,"column":null}}],"line":147},"18":{"loc":{"start":{"line":147,"column":12},"end":{"line":147,"column":53}},"type":"binary-expr","locations":[{"start":{"line":147,"column":12},"end":{"line":147,"column":25}},{"start":{"line":147,"column":29},"end":{"line":147,"column":53}}],"line":147},"19":{"loc":{"start":{"line":149,"column":10},"end":{"line":156,"column":null}},"type":"if","locations":[{"start":{"line":149,"column":10},"end":{"line":156,"column":null}},{"start":{"line":154,"column":17},"end":{"line":156,"column":null}}],"line":149},"20":{"loc":{"start":{"line":172,"column":4},"end":{"line":175,"column":null}},"type":"if","locations":[{"start":{"line":172,"column":4},"end":{"line":175,"column":null}},{"start":{},"end":{}}],"line":172},"21":{"loc":{"start":{"line":179,"column":8},"end":{"line":179,"column":null}},"type":"if","locations":[{"start":{"line":179,"column":8},"end":{"line":179,"column":null}},{"start":{},"end":{}}],"line":179},"22":{"loc":{"start":{"line":191,"column":4},"end":{"line":194,"column":null}},"type":"if","locations":[{"start":{"line":191,"column":4},"end":{"line":194,"column":null}},{"start":{},"end":{}}],"line":191},"23":{"loc":{"start":{"line":198,"column":8},"end":{"line":198,"column":null}},"type":"if","locations":[{"start":{"line":198,"column":8},"end":{"line":198,"column":null}},{"start":{},"end":{}}],"line":198},"24":{"loc":{"start":{"line":210,"column":4},"end":{"line":213,"column":null}},"type":"if","locations":[{"start":{"line":210,"column":4},"end":{"line":213,"column":null}},{"start":{},"end":{}}],"line":210},"25":{"loc":{"start":{"line":217,"column":8},"end":{"line":217,"column":null}},"type":"if","locations":[{"start":{"line":217,"column":8},"end":{"line":217,"column":null}},{"start":{},"end":{}}],"line":217},"26":{"loc":{"start":{"line":229,"column":4},"end":{"line":232,"column":null}},"type":"if","locations":[{"start":{"line":229,"column":4},"end":{"line":232,"column":null}},{"start":{},"end":{}}],"line":229},"27":{"loc":{"start":{"line":236,"column":8},"end":{"line":236,"column":null}},"type":"if","locations":[{"start":{"line":236,"column":8},"end":{"line":236,"column":null}},{"start":{},"end":{}}],"line":236},"28":{"loc":{"start":{"line":237,"column":8},"end":{"line":237,"column":null}},"type":"if","locations":[{"start":{"line":237,"column":8},"end":{"line":237,"column":null}},{"start":{},"end":{}}],"line":237},"29":{"loc":{"start":{"line":238,"column":8},"end":{"line":238,"column":null}},"type":"if","locations":[{"start":{"line":238,"column":8},"end":{"line":238,"column":null}},{"start":{},"end":{}}],"line":238},"30":{"loc":{"start":{"line":239,"column":8},"end":{"line":247,"column":null}},"type":"if","locations":[{"start":{"line":239,"column":8},"end":{"line":247,"column":null}},{"start":{},"end":{}}],"line":239},"31":{"loc":{"start":{"line":239,"column":12},"end":{"line":239,"column":47}},"type":"binary-expr","locations":[{"start":{"line":239,"column":12},"end":{"line":239,"column":20}},{"start":{"line":239,"column":24},"end":{"line":239,"column":47}}],"line":239},"32":{"loc":{"start":{"line":241,"column":10},"end":{"line":246,"column":null}},"type":"if","locations":[{"start":{"line":241,"column":10},"end":{"line":246,"column":null}},{"start":{},"end":{}}],"line":241},"33":{"loc":{"start":{"line":270,"column":4},"end":{"line":283,"column":null}},"type":"if","locations":[{"start":{"line":270,"column":4},"end":{"line":283,"column":null}},{"start":{},"end":{}}],"line":270},"34":{"loc":{"start":{"line":291,"column":6},"end":{"line":293,"column":48}},"type":"cond-expr","locations":[{"start":{"line":292,"column":10},"end":{"line":292,"column":null}},{"start":{"line":293,"column":10},"end":{"line":293,"column":48}}],"line":291},"35":{"loc":{"start":{"line":291,"column":6},"end":{"line":291,"column":null}},"type":"binary-expr","locations":[{"start":{"line":291,"column":6},"end":{"line":291,"column":21}},{"start":{"line":291,"column":25},"end":{"line":291,"column":null}}],"line":291},"36":{"loc":{"start":{"line":298,"column":8},"end":{"line":311,"column":null}},"type":"if","locations":[{"start":{"line":298,"column":8},"end":{"line":311,"column":null}},{"start":{"line":309,"column":15},"end":{"line":311,"column":null}}],"line":298},"37":{"loc":{"start":{"line":298,"column":12},"end":{"line":298,"column":45}},"type":"binary-expr","locations":[{"start":{"line":298,"column":12},"end":{"line":298,"column":29}},{"start":{"line":298,"column":33},"end":{"line":298,"column":45}}],"line":298},"38":{"loc":{"start":{"line":317,"column":28},"end":{"line":317,"column":72}},"type":"binary-expr","locations":[{"start":{"line":317,"column":28},"end":{"line":317,"column":47}},{"start":{"line":317,"column":51},"end":{"line":317,"column":72}}],"line":317},"39":{"loc":{"start":{"line":328,"column":4},"end":{"line":330,"column":null}},"type":"if","locations":[{"start":{"line":328,"column":4},"end":{"line":330,"column":null}},{"start":{},"end":{}}],"line":328},"40":{"loc":{"start":{"line":328,"column":8},"end":{"line":328,"colu
[...]
umn":12},"end":{"line":79,"column":null}},"24":{"start":{"line":81,"column":8},"end":{"line":81,"column":29}},"25":{"start":{"line":82,"column":8},"end":{"line":82,"column":null}},"26":{"start":{"line":89,"column":8},"end":{"line":92,"column":null}},"27":{"start":{"line":90,"column":12},"end":{"line":90,"column":null}},"28":{"start":{"line":91,"column":12},"end":{"line":91,"column":null}},"29":{"start":{"line":99,"column":8},"end":{"line":102,"column":null}},"30":{"start":{"line":100,"column":12},"end":{"line":100,"column":null}},"31":{"start":{"line":101,"column":12},"end":{"line":101,"column":null}},"32":{"start":{"line":109,"column":8},"end":{"line":112,"column":null}},"33":{"start":{"line":110,"column":12},"end":{"line":110,"column":null}},"34":{"start":{"line":111,"column":12},"end":{"line":111,"column":null}},"35":{"start":{"line":119,"column":8},"end":{"line":125,"column":null}},"36":{"start":{"line":132,"column":8},"end":{"line":132,"column":null}},"37":{"start":{"line":139,"column":8},"end":{"line":139,"column":null}},"38":{"start":{"line":146,"column":8},"end":{"line":146,"column":null}}},"fnMap":{"0":{"name":"constructor","decl":{"start":{"line":35,"column":4},"end":{"line":35,"column":null}},"loc":{"start":{"line":38,"column":36},"end":{"line":43,"column":null}},"line":38},"1":{"name":"setData","decl":{"start":{"line":48,"column":4},"end":{"line":48,"column":11}},"loc":{"start":{"line":54,"column":5},"end":{"line":60,"column":null}},"line":54},"2":{"name":"setSearch","decl":{"start":{"line":65,"column":4},"end":{"line":65,"column":13}},"loc":{"start":{"line":65,"column":33},"end":{"line":69,"column":null}},"line":65},"3":{"name":"toggleSort","decl":{"start":{"line":74,"column":4},"end":{"line":74,"column":14}},"loc":{"start":{"line":74,"column":28},"end":{"line":83,"column":null}},"line":74},"4":{"name":"setPage","decl":{"start":{"line":88,"column":4},"end":{"line":88,"column":11}},"loc":{"start":{"line":88,"column":24},"end":{"line":93,"column":null}},"line":88},"5":{"name":"nextPage","decl":{"start":{"line":98,"column":4},"end":{"line":98,"column":12}},"loc":{"start":{"line":98,"column":12},"end":{"line":103,"column":null}},"line":98},"6":{"name":"prevPage","decl":{"start":{"line":108,"column":4},"end":{"line":108,"column":12}},"loc":{"start":{"line":108,"column":12},"end":{"line":113,"column":null}},"line":108},"7":{"name":"getParams","decl":{"start":{"line":118,"column":4},"end":{"line":118,"column":13}},"loc":{"start":{"line":118,"column":13},"end":{"line":126,"column":null}},"line":118},"8":{"name":"emitParams","decl":{"start":{"line":131,"column":12},"end":{"line":131,"column":22}},"loc":{"start":{"line":131,"column":22},"end":{"line":133,"column":null}},"line":131},"9":{"name":"isSorted","decl":{"start":{"line":138,"column":4},"end":{"line":138,"column":12}},"loc":{"start":{"line":138,"column":26},"end":{"line":140,"column":null}},"line":138},"10":{"name":"getSortDirection","decl":{"start":{"line":145,"column":4},"end":{"line":145,"column":20}},"loc":{"start":{"line":145,"column":34},"end":{"line":147,"column":null}},"line":145}},"branchMap":{"0":{"loc":{"start":{"line":36,"column":8},"end":{"line":36,"column":43}},"type":"default-arg","locations":[{"start":{"line":36,"column":39},"end":{"line":36,"column":43}}],"line":36},"1":{"loc":{"start":{"line":37,"column":8},"end":{"line":37,"column":49}},"type":"default-arg","locations":[{"start":{"line":37,"column":43},"end":{"line":37,"column":49}}],"line":37},"2":{"loc":{"start":{"line":38,"column":8},"end":{"line":38,"column":36}},"type":"default-arg","locations":[{"start":{"line":38,"column":34},"end":{"line":38,"column":36}}],"line":38},"3":{"loc":{"start":{"line":55,"column":21},"end":{"line":55,"column":41}},"type":"binary-expr","locations":[{"start":{"line":55,"column":21},"end":{"line":55,"column":35}},{"start":{"line":55,"column":39},"end":{"line":55,"column":41}}],"line":55},"4":{"loc":{"start":{"line":75,"column":8},"end":{"line":80,"column":null}},"type":"if","locations":[{"start":{"line":75,"column":8},"end":{"line":80,"column":null}},{"start":{"line":77,"column":15},"end":{"line":80,"column":null}}],"line":75},"5":{"loc":{"start":{"line":76,"column":29},"end":{"line":76,"column":70}},"type":"cond-expr","locations":[{"start":{"line":76,"column":56},"end":{"line":76,"column":62}},{"start":{"line":76,"column":65},"end":{"line":76,"column":70}}],"line":76},"6":{"loc":{"start":{"line":89,"column":8},"end":{"line":92,"column":null}},"type":"if","locations":[{"start":{"line":89,"column":8},"end":{"line":92,"column":null}},{"start":{},"end":{}}],"line":89},"7":{"loc":{"start":{"line":89,"column":12},"end":{"line":89,"column":48}},"type":"binary-expr","locations":[{"start":{"line":89,"column":12},"end":{"line":89,"column":21}},{"start":{"line":89,"column":25},"end":{"line":89,"column":48}}],"line":89},"8":{"loc":{"start":{"line":99,"column":8},"end":{"line":102,"column":null}},"type":"if","locations":[{"start":{"line":99,"column":8},"end":{"line":102,"column":null}},{"start":{},"end":{}}],"line":99},"9":{"loc":{"start":{"line":109,"column":8},"end":{"line":112,"column":null}},"type":"if","locations":[{"start":{"line":109,"column":8},"end":{"line":112,"column":null}},{"start":{},"end":{}}],"line":109},"10":{"loc":{"start":{"line":146,"column":15},"end":{"line":146,"column":60}},"type":"cond-expr","locations":[{"start":{"line":146,"column":39},"end":{"line":146,"column":53}},{"start":{"line":146,"column":56},"end":{"line":146,"column":60}}],"line":146}},"s":{"0":79,"1":79,"2":79,"3":79,"4":79,"5":79,"6":79,"7":79,"8":79,"9":79,"10":79,"11":79,"12":59,"13":59,"14":59,"15":59,"16":59,"17":4,"18":4,"19":4,"20":4,"21":2,"22":2,"23":2,"24":4,"25":4,"26":4,"27":1,"28":1,"29":2,"30":1,"31":1,"32":2,"33":1,"34":1,"35":152,"36":11,"37":602,"38":126},"f":{"0":79,"1":59,"2":4,"3":4,"4":4,"5":2,"6":2,"7":152,"8":11,"9":602,"10":126},"b":{"0":[79],"1":[79],"2":[79],"3":[59,1],"4":[2,2],"5":[1,1],"6":[1,3],"7":[4,3],"8":[1,1],"9":[1,1],"10":[125,1]},"meta":{"lastBranch":11,"lastFunction":11,"lastStatement":39,"seen":{"s:17:17:17:19":0,"s:20:18:20:19":1,"s:21:15:21:17":2,"s:22:17:22:18":3,"s:23:17:23:18":4,"s:26:28:26:32":5,"s:27:32:27:38":6,"s:30:32:30:36":7,"s:33:14:33:69":8,"f:35:4:35:Infinity":0,"b:36:39:36:43":0,"b:37:43:37:49":1,"b:38:34:38:36":2,"s:40:8:40:Infinity":9,"s:41:8:41:Infinity":10,"s:42:8:42:Infinity":11,"f:48:4:48:11":1,"s:55:8:55:Infinity":12,"b:55:21:55:35:55:39:55:41":3,"s:56:8:56:Infinity":13,"s:57:8:57:Infinity":14,"s:58:8:58:Infinity":15,"s:59:8:59:Infinity":16,"f:65:4:65:13":2,"s:66:8:66:Infinity":17,"s:67:8:67:Infinity":18,"s:68:8:68:Infinity":19,"f:74:4:74:14":3,"b:75:8:80:Infinity:77:15:80:Infinity":4,"s:75:8:80:Infinity":20,"s:76:12:76:Infinity":21,"b:76:56:76:62:76:65:76:70":5,"s:78:12:78:Infinity":22,"s:79:12:79:Infinity":23,"s:81:8:81:29":24,"s:82:8:82:Infinity":25,"f:88:4:88:11":4,"b:89:8:92:Infinity:undefined:undefined:undefined:undefined":6,"s:89:8:92:Infinity":26,"b:89:12:89:21:89:25:89:48":7,"s:90:12:90:Infinity":27,"s:91:12:91:Infinity":28,"f:98:4:98:12":5,"b:99:8:102:Infinity:undefined:undefined:undefined:undefined":8,"s:99:8:102:Infinity":29,"s:100:12:100:Infinity":30,"s:101:12:101:Infinity":31,"f:108:4:108:12":6,"b:109:8:112:Infinity:undefined:undefined:undefined:undefined":9,"s:109:8:112:Infinity":32,"s:110:12:110:Infinity":33,"s:111:12:111:Infinity":34,"f:118:4:118:13":7,"s:119:8:125:Infinity":35,"f:131:12:131:22":8,"s:132:8:132:Infinity":36,"f:138:4:138:12":9,"s:139:8:139:Infinity":37,"f:145:4:145:20":10,"s:146:8:146:Infinity":38,"b:146:39:146:53:146:56:146:60":10},"fnNames":{}}}
,"/Users/maverick/Projects/mavrov.de/frontend/projects/admin/src/app/utils/table-helper.ts": {"path":"/Users/maverick/Projects/mavrov.de/frontend/projects/admin/src/app/utils/table-helper.ts","statementMap":{"0":{"start":{"line":3,"column":28},"end":{"line":3,"column":30}},"1":{"start":{"line":6,"column":25},"end":{"line":6,"column":27}},"2":{"start":{"line":7,"column":26},"end":{"line":7,"column":28}},"3":{"start":{"line":10,"column":15},"end":{"line":10,"column":17}},"4":{"start":{"line":11,"column":18},"end":{"line":11,"column":19}},"5":{"start":{"line":12,"column":17},"end":{"line":12,"column":18}},"6":{"start":{"line":15,"column":32},"end":{"line":15,"column":36}},"7":{"start":{"line":16,"column":36},"end":{"line":16,"column":41}},"8":{"start":{"line":19,"column":17},"end":{"line":19,"column":19}},"9":{"start":{"line":20,"column":32},"end":{"line":20,"column":34}},"10":{"start":{"line":25,"column":8},"end":{"line":25,"column":null}},"11":{"start":{"line":26,"column":8},"end":{"line":26,"column":null}},"12":{"start":{"line":30,"column":8},"end":{"line":30,"column":null}},"13":{"start":{"line":31,"column":8},"end":{"line":31,"column":null}},"14":{"start":{"line":32,"column":8},"end":{"line":32,"column":29}},"15":{"start":{"line":33,"column":8},"end":{"line":33,"column":null}},"16":{"start":{"line":37,"column":8},"end":{"line":42,"column":null}},"17":{"start":{"line":38,"column":12},"end":{"line":38,"column":null}},"18":{"start":{"line":40,"column":12},"end":{"line":40,"column":null}},"19":{"start":{"line":41,"column":12},"end":{"line":41,"column":null}},"20":{"start":{"line":43,"column":8},"end":{"line":43,"column":null}},"21":{"start":{"line":47,"column":8},"end":{"line":50,"column":null}},"22":{"start":{"line":48,"column":12},"end":{"line":48,"column":null}},"23":{"start":{"line":49,"column":12},"end":{"line":49,"column":null}},"24":{"start":{"line":54,"column":21},"end":{"line":54,"column":39}},"25":{"start":{"line":57,"column":8},"end":{"line":66,"column":null}},"26":{"start":{"line":58,"column":31},"end":{"line":58,"column":60}},"27":{"start":{"line":59,"column":12},"end":{"line":65,"column":null}},"28":{"start":{"line":60,"column":16},"end":{"line":64,"column":null}},"29":{"start":{"line":61,"column":32},"end":{"line":61,"column":43}},"30":{"start":{"line":62,"column":20},"end":{"line":62,"column":null}},"31":{"start":{"line":62,"column":59},"end":{"line":62,"column":null}},"32":{"start":{"line":63,"column":20},"end":{"line":63,"column":null}},"33":{"start":{"line":69,"column":8},"end":{"line":80,"column":null}},"34":{"start":{"line":70,"column":12},"end":{"line":79,"column":null}},"35":{"start":{"line":71,"column":29},"end":{"line":71,"column":54}},"36":{"start":{"line":72,"column":29},"end":{"line":72,"column":54}},"37":{"start":{"line":74,"column":16},"end":{"line":74,"column":null}},"38":{"start":{"line":74,"column":35},"end":{"line":74,"column":null}},"39":{"start":{"line":76,"column":35},"end":{"line":76,"column":55}},"40":{"start":{"line":78,"column":16},"end":{"line":78,"column":null}},"41":{"start":{"line":82,"column":8},"end":{"line":82,"column":null}},"42":{"start":{"line":83,"column":8},"end":{"line":83,"column":null}},"43":{"start":{"line":86,"column":8},"end":{"line":88,"column":null}},"44":{"start":{"line":87,"column":12},"end":{"line":87,"column":null}},"45":{"start":{"line":90,"column":8},"end":{"line":90,"column":null}},"46":{"start":{"line":94,"column":22},"end":{"line":94,"column":60}},"47":{"start":{"line":95,"column":20},"end":{"line":95,"column":41}},"48":{"start":{"line":96,"column":8},"end":{"line":96,"column":null}}},"fnMap":{"0":{"name":"constructor","decl":{"start":{"line":22,"column":4},"end":{"line":22,"column":20}},"loc":{"start":{"line":22,"column":4},"end":{"line":22,"column":null}},"line":22},"1":{"name":"setData","decl":{"start":{"line":24,"column":4},"end":{"line":24,"column":11}},"loc":{"start":{"line":24,"column":22},"end":{"line":27,"column":null}},"line":24},"2":{"name":"setSearch","decl":{"start":{"line":29,"column":4},"end":{"line":29,"column":13}},"loc":{"start":{"line":29,"column":47},"end":{"line":34,"column":null}},"line":29},"3":{"name":"toggleSort","decl":{"start":{"line":36,"column":4},"end":{"line":36,"column":14}},"loc":{"start":{"line":36,"column":29},"end":{"line":44,"column":null}},"line":36},"4":{"name":"setPage","decl":{"start":{"line":46,"column":4},"end":{"line":46,"column":11}},"loc":{"start":{"line":46,"column":24},"end":{"line":51,"column":null}},"line":46},"5":{"name":"applyProcess","decl":{"start":{"line":53,"column":12},"end":{"line":53,"column":24}},"loc":{"start":{"line":53,"column":24},"end":{"line":91,"column":null}},"line":53},"6":{"name":"(anonymous_6)","decl":{"start":{"line":59,"column":35},"end":{"line":59,"column":39}},"loc":{"start":{"line":59,"column":42},"end":{"line":65,"column":13}},"line":59},"7":{"name":"(anonymous_7)","decl":{"start":{"line":60,"column":46},"end":{"line":60,"column":51}},"loc":{"start":{"line":60,"column":54},"end":{"line":64,"column":17}},"line":60},"8":{"name":"(anonymous_8)","decl":{"start":{"line":70,"column":24},"end":{"line":70,"column":25}},"loc":{"start":{"line":70,"column":33},"end":{"line":79,"column":13}},"line":70},"9":{"name":"updateSlice","decl":{"start":{"line":93,"column":12},"end":{"line":93,"column":23}},"loc":{"start":{"line":93,"column":23},"end":{"line":97,"column":null}},"line":93}},"branchMap":{"0":{"loc":{"start":{"line":25,"column":24},"end":{"line":25,"column":35}},"type":"binary-expr","locations":[{"start":{"line":25,"column":24},"end":{"line":25,"column":29}},{"start":{"line":25,"column":33},"end":{"line":25,"column":35}}],"line":25},"1":{"loc":{"start":{"line":37,"column":8},"end":{"line":42,"column":null}},"type":"if","locations":[{"start":{"line":37,"column":8},"end":{"line":42,"column":null}},{"start":{"line":39,"column":15},"end":{"line":42,"column":null}}],"line":37},"2":{"loc":{"start":{"line":38,"column":33},"end":{"line":38,"column":78}},"type":"cond-expr","locations":[{"start":{"line":38,"column":64},"end":{"line":38,"column":70}},{"start":{"line":38,"column":73},"end":{"line":38,"column":78}}],"line":38},"3":{"loc":{"start":{"line":47,"column":8},"end":{"line":50,"column":null}},"type":"if","locations":[{"start":{"line":47,"column":8},"end":{"line":50,"column":null}},{"start":{},"end":{}}],"line":47},"4":{"loc":{"start":{"line":47,"column":12},"end":{"line":47,"column":48}},"type":"binary-expr","locations":[{"start":{"line":47,"column":12},"end":{"line":47,"column":21}},{"start":{"line":47,"column":25},"end":{"line":47,"column":48}}],"line":47},"5":{"loc":{"start":{"line":57,"column":8},"end":{"line":66,"column":null}},"type":"if","locations":[{"start":{"line":57,"column":8},"end":{"line":66,"column":null}},{"start":{},"end":{}}],"line":57},"6":{"loc":{"start":{"line":57,"column":12},"end":{"line":57,"column":59}},"type":"binary-expr","locations":[{"start":{"line":57,"column":12},"end":{"line":57,"column":27}},{"start":{"line":57,"column":31},"end":{"line":57,"column":59}}],"line":57},"7":{"loc":{"start":{"line":62,"column":20},"end":{"line":62,"column":null}},"type":"if","locations":[{"start":{"line":62,"column":20},"end":{"line":62,"column":null}},{"start":{},"end":{}}],"line":62},"8":{"loc":{"start":{"line":62,"column":24},"end":{"line":62,"column":57}},"type":"binary-expr","locations":[{"start":{"line":62,"column":24},"end":{"line":62,"column":36}},{"start":{"line":62,"column":40},"end":{"line":62,"column":57}}],"line":62},"9":{"loc":{"start":{"line":69,"column":8},"end":{"line":80,"column":null}},"type":"if","locations":[{"start":{"line":69,"column":8},"end":{"line":80,"column":null}},{"start":{},"end":{}}],"line":69},"10":{"loc":{"start":{"line":74,"column":16},"end":{"line":74,"column":null}},"type":"if","locations":[{"start":{"line":74,"column":16},"end":{"line":74,"column":null}},{"start":{},"end":{}}],"line":74},"11":{"loc":{"start":{"line":76,"column":35},"end":{"line":76,"column":55}},"type":"cond-expr","locations":[{"start":{"line":76,"column":49},"end":{"line":76,"column":50}},{"start":{"line":76,"column":53},"end":{"line":76,"column":55}}],"line":76},"12":{"loc":{"start":{"line":78,"column":23},"end":{"line":78,"column":78}},"type":"cond-expr","locations":[{"start":{"line":78,"column":54},"end":{"line":78,"column":64}},{"start":{"line":78,"column":67},"end":{"line":78,"column":78}}],"line":78},"13":{"loc":{"start":{"line":83,"column":26},"end":{"line":83,"column":83}},"type":"binary-expr","locations":[{"start":{"line":83,"column":26},"end":{"line":83,"column":78}},{"start":{"line":83,"column":82},"end":{"line":83,"column":83}}],"line":83},"14":{"loc":{"start":{"line":86,"column":8},"end":{"line":88,"column":null}},"type":"if","locations":[{"start":{"line":86,"column":8},"end":{"line":88,"column":null}},{"start":{},"end":{}}],"line":86}},"s":{"0":28,"1":28,"2":28,"3":28,"4":28,"5":28,"6":28,"7":28,"8":28,"9":28,"10":32,"11":32,"12":9,"13":9,"14":9,"15":9,"16":14,"17":5,"18":9,"19":9,"20":14,"21":9,"22":7,"23":7,"24":55,"25":55,"26":9,"27":9,"28":42,"29":50,"30":50,"31":1,"32":49,"33":55,"34":14,"35":89,"36":89,"37":89,"38":1,"39":88,"40":89,"41":55,"42":55,"43":55,"44":1,"45":55,"46":62,"47":62,"48":62},"f":{"0":28,"1":32,"2":9,"3":14,"4":9,"5":55,"6":42,"7":50,"8":89,"9":62},"b":{"0":[32,1],"1":[5,9],"2":[4,1],"3":[7,2],"4":[9,8],"5":[9,46],"6":[55,9],"7":[1,49],"8":[50,49],"9":[14,41],"10":[1,88],"11":[53,35],"12":[56,32],"13":[55,3],"14":[1,54]},"meta":{"lastBranch":15,"lastFunction":10,"lastStatement":49,"seen":{"s:3:28:3:30":0,"s:6:25:6:27":1,"s:7:26:7:28":2,"s:10:15:10:17":3,"s:11:18:11:19":4,"s:12:17:12:18":5,"s:15:32:15:36":6,"s:16:36:16:41":7,"s:19:17:19:19":8,"s:20:32:20:34":9,"f:22:4:22:20":0,"f:24:4:24:11":1,"s:25:8:25:Infinity":10,"b:25:24:25:29:25:33:25:35":0,"s:26:8:26:Infinity":11,"f:29:4:29:13":2,"s:30:8:30:Infinity":12,"s:31:8:31:Infinity":13,"s:32:8:32:29":14,"s:33:8:33:Infinity":15,"f:36:4:36:14":3,"b:37:8:42:Infinity:39:15:42:Infinity":1,"s:37:8:42:Infinity":16,"s:38:12:38:Infinity":17,"b:38:64:38:70:38:73:38:78":2,"s:40:12:40:Infinity":18,"s:41:12:41:Infinity":19,"s:43:8:43:Infinity":20,"f:46:4:46:11":4,"b:47:8:50:Infinity:undefined:undefined:undefined:undefined":3,"s:47:8:50:Infinity":21,"b:47:12:47:21:47:25:47:48":4,"s:48:12:48:Infinity":22,"s:49:12:49:Infinity":23,"f:53:12:53:24":5,"s:54:21:54:39":24,"b:57:8:66:Infinity:undefined:undefined:undefined:undefined":5,"s:57:8:66:Infinity":25,"b:57:12:57:27:57:31:57:59":6,"s:58:31:58:60":26,"s:59:12:65:Infinity":27,"f:59:35:59:39":6,"s:60:16:64:Infinity":28,"f:60:46:60:51":7,"s:61:32:61:43":29,"b:62:20:62:Infinity:undefined:undefined:undefined:undefined":7,"s:62:20:62:Infinity":30,"b:62:24:62:36:62:40:62:57":8,"s:62:59:62:Infinity":31,"s:63:20:63:Infinity":32,"b:69:8:80:Infinity:undefined:undefined:undefined:undefined":9,"s:69:8:80:Infinity":33,"s:70:12:79:Infinity":34,"f:70:24:70:25":8,"s:71:29:71:54":35,"s:72:29:72:54":36,"b:74:16:74:Infinity:undefined:undefined:undefined:undefined":10,"s:74:16:74:Infinity":37,"s:74:35:74:Infinity":38,"s:76:35:76:55":39,"b:76:49:76:50:76:53:76:55":11,"s:78:16:78:Infinity":40,"b:78:54:78:64:78:67:78:78":12,"s:82:8:82:Infinity":41,"s:83:8:83:Infinity":42,"b:83:26:83:78:83:82:83:83":13,"b:86:8:88:Infinity:undefined:undefined:undefined:undefined":14,"s:86:8:88:Infinity":43,"s:87:12:87:Infinity":44,"s:90:8:90:Infinity":45,"f:93:12:93:23":9,"s:94:22:94:60":46,"s:95:20:95:41":47,"s:96:8:96:Infinity":48},"fnNames":{}}}
,"/Users/maverick/Projects/mavrov.de/frontend/projects/admin/src/environments/environment.prod.ts": {"path":"/Users/maverick/Projects/mavrov.de/frontend/projects/admin/src/environments/environment.prod.ts","statementMap":{"0":{"start":{"line":3,"column":46},"end":{"line":8,"column":null}}},"fnMap":{},"branchMap":{},"s":{"0":0},"f":{},"b":{},"meta":{"lastBranch":0,"lastFunction":0,"lastStatement":1,"seen":{"s:3:46:8:Infinity":0},"fnNames":{}}}
,"/Users/maverick/Projects/mavrov.de/frontend/projects/admin/src/environments/environment.ts": {"path":"/Users/maverick/Projects/mavrov.de/frontend/projects/admin/src/environments/environment.ts","statementMap":{"0":{"start":{"line":3,"column":46},"end":{"line":8,"column":null}}},"fnMap":{},"branchMap":{},"s":{"0":20},"f":{},"b":{},"meta":{"lastBranch":0,"lastFunction":0,"lastStatement":1,"seen":{"s:3:46:8:Infinity":0},"fnNames":{}}}
}
