TN:
SF:src/app/app.component.ts
FNF:0
FNH:0
DA:10,0
LF:1
LH:0
BRF:0
BRH:0
end_of_record
TN:
SF:src/app/app.config.ts
FN:27,(anonymous_0)
FN:27,(anonymous_1)
FNF:2
FNH:0
FNDA:0,(anonymous_0)
FNDA:0,(anonymous_1)
DA:11,0
DA:27,0
LF:2
LH:0
BRF:0
BRH:0
end_of_record
TN:
SF:src/app/app.routes.ts
FN:26,(anonymous_0)
FN:28,(anonymous_1)
FN:33,(anonymous_2)
FN:35,(anonymous_3)
FN:40,(anonymous_4)
FN:42,(anonymous_5)
FN:47,(anonymous_6)
FN:49,(anonymous_7)
FN:54,(anonymous_8)
FN:55,(anonymous_9)
FN:59,(anonymous_10)
FN:61,(anonymous_11)
FN:66,(anonymous_12)
FN:67,(anonymous_13)
FN:71,(anonymous_14)
FN:73,(anonymous_15)
FNF:16
FNH:0
FNDA:0,(anonymous_0)
FNDA:0,(anonymous_1)
FNDA:0,(anonymous_2)
FNDA:0,(anonymous_3)
FNDA:0,(anonymous_4)
FNDA:0,(anonymous_5)
FNDA:0,(anonymous_6)
FNDA:0,(anonymous_7)
FNDA:0,(anonymous_8)
FNDA:0,(anonymous_9)
FNDA:0,(anonymous_10)
FNDA:0,(anonymous_11)
FNDA:0,(anonymous_12)
FNDA:0,(anonymous_13)
FNDA:0,(anonymous_14)
FNDA:0,(anonymous_15)
DA:10,0
DA:27,0
DA:28,0
DA:34,0
DA:35,0
DA:41,0
DA:42,0
DA:48,0
DA:49,0
DA:55,0
DA:60,0
DA:61,0
DA:67,0
DA:72,0
DA:73,0
LF:15
LH:0
BRF:0
BRH:0
end_of_record
TN:
SF:src/app/components/admin/chat/chat.component.ts
FN:27,constructor
FN:29,ngOnInit
FN:33,ngAfterViewChecked
FN:37,scrollToBottom
FN:43,sendMessage
FN:66,saveToLocalStorage
FN:75,loadFromLocalStorage
FNF:7
FNH:7
FNDA:11,constructor
FNDA:9,ngOnInit
FNDA:5,ngAfterViewChecked
FNDA:5,scrollToBottom
FNDA:4,sendMessage
FNDA:6,saveToLocalStorage
FNDA:9,loadFromLocalStorage
DA:18,2
DA:21,11
DA:22,11
DA:23,11
DA:24,11
DA:25,11
DA:27,11
DA:30,9
DA:34,5
DA:38,5
DA:39,5
DA:44,4
DA:46,3
DA:47,3
DA:48,3
DA:49,3
DA:50,3
DA:52,3
DA:53,3
DA:54,2
DA:55,2
DA:57,1
DA:58,1
DA:59,1
DA:61,3
DA:62,3
DA:67,6
DA:68,4
DA:72,4
DA:76,9
DA:77,8
DA:78,8
DA:79,4
DA:80,4
DA:81,4
DA:82,4
DA:84,4
DA:85,2
DA:87,1
DA:90,1
DA:91,1
LF:41
LH:41
BRDA:44,0,0,1
BRDA:44,0,1,3
BRDA:44,1,0,4
BRDA:44,1,1,3
BRDA:67,2,0,2
BRDA:67,2,1,4
BRDA:76,3,0,1
BRDA:76,3,1,8
BRDA:78,4,0,4
BRDA:78,4,1,4
BRDA:84,5,0,2
BRDA:84,5,1,1
BRDA:85,6,0,2
BRDA:85,6,1,1
BRF:14
BRH:14
end_of_record
TN:
SF:src/app/components/admin/cv-manager/cv-manager.component.ts
FN:31,constructor
FN:41,ngOnInit
FN:43,(anonymous_2)
FN:48,(anonymous_3)
FN:53,ngOnDestroy
FN:58,loadRequests
FN:69,(anonymous_6)
FN:74,(anonymous_7)
FN:82,loadVersions
FN:93,(anonymous_9)
FN:98,(anonymous_10)
FN:106,onFileSelected
FN:113,onUpload
FN:124,(anonymous_13)
FN:132,(anonymous_14)
FNF:15
FNH:15
FNDA:16,constructor
FNDA:16,ngOnInit
FNDA:16,(anonymous_2)
FNDA:16,(anonymous_3)
FNDA:16,ngOnDestroy
FNDA:18,loadRequests
FNDA:17,(anonymous_6)
FNDA:1,(anonymous_7)
FNDA:19,loadVersions
FNDA:18,(anonymous_9)
FNDA:1,(anonymous_10)
FNDA:3,onFileSelected
FNDA:7,onUpload
FNDA:1,(anonymous_13)
FNDA:2,(anonymous_14)
DA:16,2
DA:17,16
DA:18,16
DA:20,16
DA:22,16
DA:23,16
DA:24,16
DA:25,16
DA:26,16
DA:32,16
DA:33,16
DA:34,16
DA:36,16
DA:43,16
DA:44,16
DA:48,16
DA:49,16
DA:54,16
DA:55,16
DA:59,18
DA:60,18
DA:62,18
DA:70,17
DA:71,17
DA:72,17
DA:75,1
DA:76,1
DA:77,1
DA:83,19
DA:84,19
DA:86,19
DA:94,18
DA:95,18
DA:96,18
DA:99,1
DA:100,1
DA:101,1
DA:107,3
DA:108,3
DA:109,1
DA:114,7
DA:115,4
DA:118,3
DA:119,3
DA:120,3
DA:122,3
DA:123,3
DA:125,1
DA:126,1
DA:127,1
DA:128,1
DA:129,1
DA:130,1
DA:133,2
DA:134,2
DA:135,2
LF:56
LH:56
BRDA:65,0,0,18
BRDA:65,0,1,1
BRDA:89,1,0,19
BRDA:89,1,1,1
BRDA:108,2,0,1
BRDA:108,2,1,2
BRDA:108,3,0,3
BRDA:108,3,1,3
BRDA:114,4,0,4
BRDA:114,4,1,3
BRDA:114,5,0,7
BRDA:114,5,1,4
BRF:12
BRH:12
end_of_record
TN:
SF:src/app/components/admin/dashboard/dashboard.component.ts
FN:18,constructor
FN:23,ngOnInit
FN:27,loadStats
FN:32,(anonymous_3)
FN:38,(anonymous_4)
FN:44,(anonymous_5)
FN:50,getLanguages
FNF:7
FNH:7
FNDA:5,constructor
FNDA:3,ngOnInit
FNDA:3,loadStats
FNDA:2,(anonymous_3)
FNDA:1,(anonymous_4)
FNDA:2,(anonymous_5)
FNDA:14,getLanguages
DA:13,1
DA:14,5
DA:15,5
DA:16,5
DA:19,5
DA:20,5
DA:24,3
DA:28,3
DA:29,3
DA:30,3
DA:31,3
DA:33,2
DA:34,2
DA:35,2
DA:36,2
DA:39,1
DA:40,1
DA:41,1
DA:42,1
DA:45,2
DA:51,14
LF:21
LH:21
BRDA:51,0,0,12
BRDA:51,0,1,2
BRF:2
BRH:2
end_of_record
TN:
SF:src/app/components/admin/layout/admin-layout.component.ts
FN:16,constructor
FN:20,(anonymous_1)
FN:25,logout
FNF:3
FNH:3
FNDA:5,constructor
FNDA:6,(anonymous_1)
FNDA:2,logout
DA:13,1
DA:14,5
DA:17,5
DA:18,5
DA:20,5
DA:21,6
DA:26,2
DA:27,2
LF:8
LH:8
BRF:0
BRH:0
end_of_record
TN:
SF:src/app/components/admin/linkedin/admin-linkedin.component.ts
FN:31,ngOnInit
FN:35,checkLoginStatus
FN:44,login
FN:64,setTab
FN:68,syncProfile
FN:87,fetchPosts
FN:106,transferPost
FN:115,(anonymous_7)
FN:126,clearMessageAfterDelay
FN:127,(anonymous_9)
FN:132,truncateText
FNF:11
FNH:11
FNDA:21,ngOnInit
FNDA:23,checkLoginStatus
FNDA:4,login
FNDA:1,setTab
FNDA:2,syncProfile
FNDA:4,fetchPosts
FNDA:3,transferPost
FNDA:1,(anonymous_7)
FNDA:1,clearMessageAfterDelay
FNDA:1,(anonymous_9)
FNDA:4,truncateText
DA:13,2
DA:14,21
DA:15,21
DA:17,21
DA:18,21
DA:19,21
DA:20,21
DA:22,21
DA:23,21
DA:24,21
DA:25,21
DA:27,21
DA:28,21
DA:29,21
DA:32,21
DA:36,23
DA:37,23
DA:38,22
DA:40,1
DA:45,4
DA:47,3
DA:48,3
DA:50,3
DA:51,3
DA:52,1
DA:53,1
DA:54,1
DA:55,1
DA:57,2
DA:59,3
DA:60,3
DA:65,1
DA:69,2
DA:70,2
DA:71,2
DA:72,2
DA:73,1
DA:74,1
DA:75,1
DA:76,1
DA:77,1
DA:79,1
DA:80,1
DA:81,1
DA:83,2
DA:88,4
DA:89,4
DA:90,4
DA:91,4
DA:92,1
DA:93,1
DA:94,1
DA:95,1
DA:96,1
DA:98,3
DA:99,3
DA:100,3
DA:102,4
DA:107,3
DA:109,2
DA:110,2
DA:111,2
DA:112,2
DA:113,1
DA:114,1
DA:115,1
DA:116,1
DA:118,1
DA:119,1
DA:120,1
DA:122,2
DA:127,1
DA:128,1
DA:133,4
DA:134,3
DA:135,1
LF:76
LH:76
BRDA:45,0,0,1
BRDA:45,0,1,3
BRDA:45,1,0,4
BRDA:45,1,1,3
BRDA:57,2,0,2
BRDA:57,2,1,1
BRDA:100,3,0,3
BRDA:100,3,1,1
BRDA:107,4,0,1
BRDA:107,4,1,2
BRDA:132,5,0,4
BRDA:133,6,0,1
BRDA:133,6,1,3
BRDA:134,7,0,2
BRDA:134,7,1,1
BRF:15
BRH:15
end_of_record
TN:
SF:src/app/components/admin/login/login.component.ts
FN:21,constructor
FN:28,onSubmit
FN:38,(anonymous_2)
FN:40,(anonymous_3)
FN:46,(anonymous_4)
FNF:5
FNH:5
FNDA:8,constructor
FNDA:7,onSubmit
FNDA:6,(anonymous_2)
FNDA:2,(anonymous_3)
FNDA:4,(anonymous_4)
DA:15,1
DA:16,8
DA:17,8
DA:18,8
DA:19,8
DA:22,8
DA:23,8
DA:24,8
DA:25,8
DA:29,7
DA:30,1
DA:33,6
DA:34,6
DA:36,6
DA:38,6
DA:41,2
DA:42,2
DA:43,2
DA:44,2
DA:47,4
DA:48,4
DA:49,1
DA:50,3
DA:51,1
DA:54,2
DA:57,4
DA:58,4
LF:27
LH:27
BRDA:29,0,0,1
BRDA:29,0,1,6
BRDA:29,1,0,7
BRDA:29,1,1,6
BRDA:42,2,0,2
BRDA:42,2,1,1
BRDA:48,3,0,1
BRDA:48,3,1,3
BRDA:50,4,0,1
BRDA:50,4,1,2
BRDA:55,5,0,2
BRDA:55,5,1,1
BRF:12
BRH:12
end_of_record
TN:
SF:src/app/components/admin/post-editor/post-editor.component.ts
FN:52,constructor
FN:59,ngOnInit
FN:72,loadPost
FN:74,(anonymous_3)
FN:91,(anonymous_4)
FN:99,isChanged
FN:107,onTitleChange
FN:117,addTag
FN:133,removeTag
FN:134,(anonymous_9)
FN:137,suggestTags
FN:145,(anonymous_11)
FN:151,(anonymous_12)
FN:162,(anonymous_13)
FN:171,suggestTitle
FN:178,(anonymous_15)
FN:183,(anonymous_16)
FN:190,suggestSlug
FN:197,(anonymous_18)
FN:202,(anonymous_19)
FN:209,suggestSummary
FN:216,(anonymous_21)
FN:221,(anonymous_22)
FN:228,suggestAll
FN:235,(anonymous_24)
FN:243,(anonymous_25)
FN:251,(anonymous_26)
FN:258,togglePublish
FN:268,onFileSelected
FN:275,(anonymous_29)
FN:286,onSubmit
FN:296,(anonymous_31)
FN:300,(anonymous_32)
FN:303,(anonymous_33)
FN:313,(anonymous_34)
FN:323,cancel
FN:327,deletePost
FN:337,(anonymous_37)
FN:340,(anonymous_38)
FNF:39
FNH:39
FNDA:48,constructor
FNDA:53,ngOnInit
FNDA:8,loadPost
FNDA:6,(anonymous_3)
FNDA:2,(anonymous_4)
FNDA:1307,isChanged
FNDA:2,onTitleChange
FNDA:5,addTag
FNDA:1,removeTag
FNDA:2,(anonymous_9)
FNDA:5,suggestTags
FNDA:3,(anonymous_11)
FNDA:2,(anonymous_12)
FNDA:1,(anonymous_13)
FNDA:4,suggestTitle
FNDA:2,(anonymous_15)
FNDA:1,(anonymous_16)
FNDA:4,suggestSlug
FNDA:2,(anonymous_18)
FNDA:1,(anonymous_19)
FNDA:4,suggestSummary
FNDA:2,(anonymous_21)
FNDA:1,(anonymous_22)
FNDA:7,suggestAll
FNDA:5,(anonymous_24)
FNDA:5,(anonymous_25)
FNDA:1,(anonymous_26)
FNDA:2,togglePublish
FNDA:2,onFileSelected
FNDA:1,(anonymous_29)
FNDA:9,onSubmit
FNDA:6,(anonymous_31)
FNDA:1,(anonymous_32)
FNDA:1,(anonymous_33)
FNDA:3,(anonymous_34)
FNDA:1,cancel
FNDA:3,deletePost
FNDA:1,(anonymous_37)
FNDA:1,(anonymous_38)
DA:25,2
DA:26,48
DA:36,48
DA:38,48
DA:39,48
DA:40,48
DA:41,48
DA:42,48
DA:43,48
DA:44,48
DA:45,48
DA:47,48
DA:48,48
DA:49,48
DA:50,48
DA:53,48
DA:54,48
DA:55,48
DA:56,48
DA:60,53
DA:61,53
DA:62,5
DA:63,5
DA:64,4
DA:65,4
DA:66,4
DA:67,4
DA:73,8
DA:75,6
DA:76,5
DA:86,5
DA:88,6
DA:89,6
DA:92,2
DA:93,2
DA:94,2
DA:100,1307
DA:101,89
DA:102,14
DA:104,75
DA:108,2
DA:110,1
DA:118,5
DA:119,4
DA:120,4
DA:122,3
DA:123,1
DA:124,1
DA:127,2
DA:128,1
DA:130,2
DA:134,2
DA:138,5
DA:139,1
DA:140,1
DA:143,4
DA:144,4
DA:146,3
DA:147,3
DA:148,2
DA:149,2
DA:150,1
DA:151,2
DA:153,1
DA:155,1
DA:158,1
DA:160,3
DA:163,1
DA:164,1
DA:165,1
DA:166,1
DA:172,4
DA:173,1
DA:174,1
DA:176,3
DA:177,3
DA:179,2
DA:180,2
DA:181,2
DA:184,1
DA:185,1
DA:191,4
DA:192,1
DA:193,1
DA:195,3
DA:196,3
DA:198,2
DA:199,2
DA:200,2
DA:203,1
DA:204,1
DA:210,4
DA:211,1
DA:212,1
DA:214,3
DA:215,3
DA:217,2
DA:218,2
DA:219,2
DA:222,1
DA:223,1
DA:229,7
DA:230,1
DA:231,1
DA:233,6
DA:234,6
DA:236,5
DA:237,5
DA:238,5
DA:239,5
DA:240,2
DA:241,2
DA:242,1
DA:243,5
DA:245,1
DA:248,5
DA:249,5
DA:252,1
DA:253,1
DA:259,2
DA:260,2
DA:263,48
DA:264,48
DA:269,2
DA:270,2
DA:271,1
DA:274,1
DA:275,1
DA:276,1
DA:277,1
DA:279,1
DA:287,9
DA:288,9
DA:291,9
DA:295,9
DA:298,6
DA:299,2
DA:301,1
DA:304,1
DA:306,1
DA:310,4
DA:314,3
DA:317,3
DA:318,3
DA:324,1
DA:328,3
DA:329,1
DA:332,2
DA:333,2
DA:334,2
DA:336,2
DA:338,1
DA:341,1
DA:342,1
DA:343,1
DA:344,1
LF:156
LH:156
BRDA:61,0,0,5
BRDA:61,0,1,48
BRDA:61,1,0,53
BRDA:61,1,1,5
BRDA:63,2,0,4
BRDA:63,2,1,1
BRDA:75,3,0,5
BRDA:75,3,1,1
BRDA:80,4,0,5
BRDA:80,4,1,5
BRDA:81,5,0,5
BRDA:81,5,1,5
BRDA:84,6,0,5
BRDA:84,6,1,1
BRDA:100,7,0,1218
BRDA:100,7,1,89
BRDA:100,8,0,1307
BRDA:100,8,1,96
BRDA:101,9,0,14
BRDA:101,9,1,75
BRDA:108,10,0,1
BRDA:108,10,1,1
BRDA:118,11,0,1
BRDA:118,11,1,4
BRDA:120,12,0,1
BRDA:120,12,1,3
BRDA:122,13,0,1
BRDA:122,13,1,2
BRDA:127,14,0,1
BRDA:127,14,1,1
BRDA:138,15,0,1
BRDA:138,15,1,4
BRDA:138,16,0,5
BRDA:138,16,1,4
BRDA:147,17,0,2
BRDA:147,17,1,1
BRDA:147,18,0,3
BRDA:147,18,1,3
BRDA:149,19,0,1
BRDA:149,19,1,1
BRDA:172,20,0,1
BRDA:172,20,1,3
BRDA:179,21,0,1
BRDA:179,21,1,1
BRDA:191,22,0,1
BRDA:191,22,1,3
BRDA:198,23,0,1
BRDA:198,23,1,1
BRDA:210,24,0,1
BRDA:210,24,1,3
BRDA:217,25,0,1
BRDA:217,25,1,1
BRDA:229,26,0,1
BRDA:229,26,1,6
BRDA:236,27,0,3
BRDA:236,27,1,2
BRDA:237,28,0,3
BRDA:237,28,1,2
BRDA:238,29,0,3
BRDA:238,29,1,2
BRDA:239,30,0,2
BRDA:239,30,1,3
BRDA:239,31,0,5
BRDA:239,31,1,2
BRDA:241,32,0,1
BRDA:241,32,1,1
BRDA:270,33,0,1
BRDA:270,33,1,1
BRDA:291,34,0,1
BRDA:291,34,1,8
BRDA:291,35,0,9
BRDA:291,35,1,1
BRDA:298,36,0,2
BRDA:298,36,1,4
BRDA:298,37,0,6
BRDA:298,37,1,3
BRDA:317,38,0,3
BRDA:317,38,1,1
BRDA:328,39,0,1
BRDA:328,39,1,2
BRDA:328,40,0,3
BRDA:328,40,1,3
BRF:82
BRH:82
end_of_record
TN:
SF:src/app/components/admin/post-list/post-list.component.ts
FN:25,constructor
FN:30,ngOnInit
FN:32,(anonymous_2)
FN:37,ngOnDestroy
FN:41,loadPosts
FN:57,(anonymous_5)
FN:62,(anonymous_6)
FN:71,deletePost
FN:78,(anonymous_8)
FN:85,(anonymous_9)
FNF:10
FNH:10
FNDA:8,constructor
FNDA:7,ngOnInit
FNDA:7,(anonymous_2)
FNDA:8,ngOnDestroy
FNDA:9,loadPosts
FNDA:8,(anonymous_5)
FNDA:1,(anonymous_6)
FNDA:4,deletePost
FNDA:1,(anonymous_8)
FNDA:1,(anonymous_9)
DA:17,2
DA:18,8
DA:19,8
DA:20,8
DA:21,8
DA:26,8
DA:27,8
DA:32,7
DA:33,7
DA:38,8
DA:42,9
DA:43,9
DA:45,9
DA:47,9
DA:58,8
DA:59,8
DA:60,8
DA:63,1
DA:64,1
DA:65,1
DA:66,1
DA:72,4
DA:73,2
DA:76,2
DA:77,2
DA:80,1
DA:82,1
DA:83,1
DA:86,1
DA:87,1
DA:88,1
DA:89,1
LF:32
LH:32
BRDA:53,0,0,9
BRDA:53,0,1,1
BRDA:72,1,0,2
BRDA:72,1,1,2
BRF:4
BRH:4
end_of_record
TN:
SF:src/app/components/admin/profile/profile.ts
FN:29,constructor
FN:31,ngOnInit
FN:32,(anonymous_2)
FN:39,toggleKeyVisibility
FN:43,toggleNewPasswordVisibility
FN:47,onSaveKey
FN:54,(anonymous_6)
FN:60,(anonymous_7)
FN:62,(anonymous_8)
FN:70,onSubmit
FN:84,(anonymous_10)
FN:94,(anonymous_11)
FN:101,(anonymous_12)
FNF:13
FNH:13
FNDA:19,constructor
FNDA:19,ngOnInit
FNDA:26,(anonymous_2)
FNDA:2,toggleKeyVisibility
FNDA:2,toggleNewPasswordVisibility
FNDA:3,onSaveKey
FNDA:1,(anonymous_6)
FNDA:1,(anonymous_7)
FNDA:2,(anonymous_8)
FNDA:9,onSubmit
FNDA:3,(anonymous_10)
FNDA:3,(anonymous_11)
FNDA:3,(anonymous_12)
DA:14,2
DA:15,19
DA:16,19
DA:17,19
DA:18,19
DA:19,19
DA:20,19
DA:21,19
DA:22,19
DA:23,19
DA:25,19
DA:26,19
DA:27,19
DA:32,19
DA:33,26
DA:34,22
DA:40,2
DA:44,2
DA:48,3
DA:49,3
DA:50,3
DA:51,3
DA:53,3
DA:55,1
DA:56,1
DA:57,1
DA:59,1
DA:60,1
DA:63,2
DA:64,2
DA:65,2
DA:71,9
DA:72,9
DA:73,3
DA:76,6
DA:77,6
DA:78,6
DA:79,6
DA:80,6
DA:83,6
DA:85,3
DA:86,3
DA:87,3
DA:88,3
DA:89,3
DA:90,3
DA:91,3
DA:94,3
DA:95,3
DA:96,1
DA:97,1
DA:102,3
DA:103,3
DA:104,3
DA:105,3
DA:106,3
LF:56
LH:56
BRDA:33,0,0,22
BRDA:33,0,1,4
BRDA:34,1,0,22
BRDA:34,1,1,19
BRDA:72,2,0,3
BRDA:72,2,1,6
BRDA:72,3,0,9
BRDA:72,3,1,7
BRDA:95,4,0,1
BRDA:95,4,1,2
BRDA:103,5,0,3
BRDA:103,5,1,2
BRF:12
BRH:12
end_of_record
TN:
SF:src/app/components/admin/sql-panel/sql-panel.component.ts
FN:25,executeQuery
FN:33,(anonymous_1)
FN:43,(anonymous_2)
FN:52,backup
FN:61,(anonymous_4)
FN:86,(anonymous_5)
FN:103,onFileSelected
FN:110,restore
FN:123,(anonymous_8)
FN:130,(anonymous_9)
FNF:10
FNH:10
FNDA:5,executeQuery
FNDA:2,(anonymous_1)
FNDA:2,(anonymous_2)
FNDA:5,backup
FNDA:3,(anonymous_4)
FNDA:2,(anonymous_5)
FNDA:2,onFileSelected
FNDA:4,restore
FNDA:1,(anonymous_8)
FNDA:1,(anonymous_9)
DA:15,2
DA:16,16
DA:17,16
DA:18,16
DA:19,16
DA:20,16
DA:21,16
DA:22,16
DA:23,16
DA:26,5
DA:28,4
DA:29,4
DA:30,4
DA:32,4
DA:34,2
DA:35,2
DA:36,1
DA:38,1
DA:40,2
DA:41,2
DA:44,2
DA:45,2
DA:46,2
DA:47,2
DA:53,5
DA:54,5
DA:55,5
DA:57,5
DA:62,3
DA:63,3
DA:64,3
DA:65,3
DA:68,3
DA:69,3
DA:70,3
DA:71,2
DA:72,2
DA:73,1
DA:77,3
DA:78,3
DA:79,3
DA:80,3
DA:81,3
DA:82,3
DA:83,3
DA:84,3
DA:87,2
DA:94,2
DA:95,2
DA:96,2
DA:97,2
DA:98,2
DA:104,2
DA:105,2
DA:106,1
DA:111,4
DA:112,2
DA:115,2
DA:116,2
DA:117,2
DA:119,2
DA:120,2
DA:122,2
DA:124,1
DA:125,1
DA:126,1
DA:127,1
DA:128,1
DA:131,1
DA:132,1
DA:133,1
DA:134,1
DA:135,1
DA:136,1
DA:137,1
LF:75
LH:75
BRDA:26,0,0,1
BRDA:26,0,1,4
BRDA:35,1,0,1
BRDA:35,1,1,1
BRDA:35,2,0,2
BRDA:35,2,1,2
BRDA:45,3,0,2
BRDA:45,3,1,1
BRDA:70,4,0,2
BRDA:70,4,1,1
BRDA:72,5,0,1
BRDA:72,5,1,1
BRDA:72,6,0,2
BRDA:72,6,1,2
BRDA:105,7,0,1
BRDA:105,7,1,1
BRDA:111,8,0,2
BRDA:111,8,1,2
BRDA:132,9,0,1
BRDA:132,9,1,1
BRF:20
BRH:20
end_of_record
TN:
SF:src/app/components/admin/tag-manager/tag-manager.component.ts
FN:25,constructor
FN:30,ngOnInit
FN:31,(anonymous_2)
FN:36,ngOnDestroy
FN:40,loadTags
FN:53,(anonymous_5)
FN:58,(anonymous_6)
FN:67,startEdit
FN:72,cancelEdit
FN:77,saveRename
FN:84,(anonymous_10)
FN:88,(anonymous_11)
FN:95,deleteTag
FN:101,(anonymous_13)
FN:104,(anonymous_14)
FNF:15
FNH:15
FNDA:14,constructor
FNDA:12,ngOnInit
FNDA:12,(anonymous_2)
FNDA:14,ngOnDestroy
FNDA:16,loadTags
FNDA:14,(anonymous_5)
FNDA:1,(anonymous_6)
FNDA:3,startEdit
FNDA:4,cancelEdit
FNDA:4,saveRename
FNDA:1,(anonymous_10)
FNDA:1,(anonymous_11)
FNDA:3,deleteTag
FNDA:1,(anonymous_13)
FNDA:1,(anonymous_14)
DA:15,2
DA:16,14
DA:17,14
DA:18,14
DA:20,14
DA:21,14
DA:26,14
DA:27,14
DA:31,12
DA:32,12
DA:37,14
DA:41,16
DA:42,16
DA:44,16
DA:46,16
DA:54,14
DA:55,14
DA:56,14
DA:59,1
DA:60,1
DA:61,1
DA:62,1
DA:68,3
DA:69,3
DA:73,4
DA:74,4
DA:78,4
DA:79,2
DA:80,2
DA:83,2
DA:85,1
DA:86,1
DA:89,1
DA:90,1
DA:96,3
DA:97,1
DA:100,2
DA:102,1
DA:105,1
DA:106,1
LF:40
LH:40
BRDA:49,0,0,16
BRDA:49,0,1,2
BRDA:78,1,0,2
BRDA:78,1,1,2
BRDA:78,2,0,4
BRDA:78,2,1,3
BRDA:96,3,0,1
BRDA:96,3,1,2
BRF:8
BRH:8
end_of_record
TN:
SF:src/app/guards/auth.guard.ts
FN:6,(anonymous_0)
FN:18,(anonymous_1)
FN:20,(anonymous_2)
FNF:3
FNH:3
FNDA:5,(anonymous_0)
FNDA:3,(anonymous_1)
FNDA:3,(anonymous_2)
DA:6,1
DA:7,5
DA:8,5
DA:10,5
DA:11,1
DA:12,1
DA:16,4
DA:17,3
DA:18,3
DA:21,3
DA:22,3
DA:23,1
DA:26,2
DA:27,2
DA:32,1
LF:15
LH:15
BRDA:10,0,0,1
BRDA:10,0,1,4
BRDA:16,1,0,3
BRDA:16,1,1,1
BRDA:22,2,0,1
BRDA:22,2,1,2
BRF:6
BRH:6
end_of_record
TN:
SF:src/app/interceptors/auth.interceptor.ts
FN:8,(anonymous_0)
FN:23,(anonymous_1)
FN:35,(anonymous_2)
FNF:3
FNH:3
FNDA:6,(anonymous_0)
FNDA:3,(anonymous_1)
FNDA:3,(anonymous_2)
DA:8,1
DA:9,6
DA:10,6
DA:11,6
DA:14,6
DA:15,3
DA:22,6
DA:25,3
DA:26,2
DA:27,2
DA:31,3
DA:32,1
DA:35,3
LF:13
LH:13
BRDA:14,0,0,3
BRDA:14,0,1,3
BRDA:14,1,0,6
BRDA:14,1,1,4
BRDA:25,2,0,2
BRDA:25,2,1,1
BRDA:25,3,0,3
BRDA:25,3,1,1
BRDA:25,3,2,3
BRDA:31,4,0,1
BRDA:31,4,1,2
BRF:11
BRH:11
end_of_record
TN:
SF:src/app/services/admin-cv.service.ts
FN:43,constructor
FN:45,uploadCv
FN:52,getRequests
FN:71,getVersions
FNF:4
FNH:4
FNDA:8,constructor
FNDA:1,uploadCv
FNDA:3,getRequests
FNDA:3,getVersions
DA:40,4
DA:41,8
DA:43,8
DA:46,1
DA:47,1
DA:48,1
DA:49,1
DA:59,3
DA:65,3
DA:66,2
DA:68,3
DA:78,3
DA:84,3
DA:85,2
DA:87,3
LF:15
LH:15
BRDA:53,0,0,3
BRDA:54,1,0,3
BRDA:55,2,0,3
BRDA:56,3,0,3
BRDA:57,4,0,3
BRDA:65,5,0,2
BRDA:65,5,1,1
BRDA:72,6,0,3
BRDA:73,7,0,3
BRDA:74,8,0,3
BRDA:75,9,0,3
BRDA:76,10,0,3
BRDA:84,11,0,2
BRDA:84,11,1,1
BRF:14
BRH:14
end_of_record
TN:
SF:src/app/services/auth.service.ts
FN:36,constructor
FN:44,(anonymous_1)
FN:52,login
FN:58,(anonymous_3)
FN:65,logout
FN:70,changePassword
FN:75,updateGeminiKey
FN:77,(anonymous_7)
FN:81,getToken
FN:86,setToken
FN:92,removeToken
FN:98,isAuthenticated
FN:102,isAdmin
FN:107,getCurrentUser
FN:111,loadCurrentUser
FN:115,fetchCurrentUser
FN:118,(anonymous_16)
FN:122,(anonymous_17)
FNF:18
FNH:18
FNDA:15,constructor
FNDA:5,(anonymous_1)
FNDA:2,login
FNDA:2,(anonymous_3)
FNDA:4,logout
FNDA:1,changePassword
FNDA:1,updateGeminiKey
FNDA:1,(anonymous_7)
FNDA:16,getToken
FNDA:3,setToken
FNDA:5,removeToken
FNDA:3,isAuthenticated
FNDA:3,isAdmin
FNDA:4,getCurrentUser
FNDA:5,loadCurrentUser
FNDA:7,fetchCurrentUser
FNDA:4,(anonymous_16)
FNDA:3,(anonymous_17)
DA:24,11
DA:25,15
DA:26,15
DA:28,15
DA:29,15
DA:31,15
DA:32,15
DA:37,15
DA:38,15
DA:40,15
DA:42,15
DA:44,5
DA:45,5
DA:48,10
DA:53,2
DA:54,2
DA:56,2
DA:59,2
DA:60,2
DA:66,4
DA:67,4
DA:71,1
DA:72,1
DA:76,1
DA:77,1
DA:82,16
DA:83,13
DA:87,3
DA:88,1
DA:93,5
DA:94,3
DA:99,3
DA:103,3
DA:104,3
DA:108,4
DA:112,5
DA:116,7
DA:119,4
DA:120,4
DA:124,3
DA:125,2
DA:127,3
LF:42
LH:42
BRDA:42,0,0,5
BRDA:42,0,1,10
BRDA:42,1,0,15
BRDA:42,1,1,11
BRDA:82,2,0,3
BRDA:82,2,1,13
BRDA:87,3,0,1
BRDA:87,3,1,2
BRDA:93,4,0,3
BRDA:93,4,1,2
BRDA:104,5,0,3
BRDA:104,5,1,1
BRDA:124,6,0,2
BRDA:124,6,1,1
BRDA:124,7,0,3
BRDA:124,7,1,2
BRF:16
BRH:16
end_of_record
TN:
SF:src/app/services/linkedin.service.ts
FN:32,getHeaders
FN:44,getStatus
FN:47,(anonymous_2)
FN:56,login
FN:63,(anonymous_4)
FN:72,syncProfile
FN:75,(anonymous_6)
FN:84,getPosts
FN:87,(anonymous_8)
FN:96,transferPost
FN:107,(anonymous_10)
FN:116,transferPosts
FN:120,(anonymous_12)
FN:127,(anonymous_13)
FNF:14
FNH:14
FNDA:20,getHeaders
FNDA:3,getStatus
FNDA:1,(anonymous_2)
FNDA:3,login
FNDA:1,(anonymous_4)
FNDA:4,syncProfile
FNDA:1,(anonymous_6)
FNDA:3,getPosts
FNDA:1,(anonymous_8)
FNDA:4,transferPost
FNDA:1,(anonymous_10)
FNDA:3,transferPosts
FNDA:4,(anonymous_12)
FNDA:1,(anonymous_13)
DA:28,3
DA:29,21
DA:30,21
DA:33,20
DA:34,20
DA:35,20
DA:36,19
DA:38,20
DA:45,3
DA:46,3
DA:47,2
DA:48,2
DA:50,1
DA:57,3
DA:62,3
DA:63,2
DA:64,2
DA:66,1
DA:73,4
DA:74,4
DA:75,2
DA:76,2
DA:78,2
DA:85,3
DA:86,3
DA:87,2
DA:88,2
DA:90,1
DA:97,4
DA:106,4
DA:107,2
DA:108,2
DA:110,2
DA:117,3
DA:120,4
DA:126,3
DA:127,2
DA:128,2
DA:130,1
LF:39
LH:39
BRDA:35,0,0,19
BRDA:35,0,1,1
BRDA:46,1,0,2
BRDA:46,1,1,1
BRDA:48,2,0,2
BRDA:48,2,1,1
BRDA:62,3,0,2
BRDA:62,3,1,1
BRDA:64,4,0,2
BRDA:64,4,1,1
BRDA:74,5,0,2
BRDA:74,5,1,2
BRDA:76,6,0,2
BRDA:76,6,1,1
BRDA:86,7,0,2
BRDA:86,7,1,1
BRDA:88,8,0,2
BRDA:88,8,1,1
BRDA:102,9,0,4
BRDA:102,9,1,3
BRDA:103,10,0,4
BRDA:103,10,1,2
BRDA:106,11,0,2
BRDA:106,11,1,2
BRDA:108,12,0,2
BRDA:108,12,1,1
BRDA:122,13,0,4
BRDA:122,13,1,3
BRDA:123,14,0,4
BRDA:123,14,1,2
BRDA:126,15,0,2
BRDA:126,15,1,1
BRDA:128,16,0,2
BRDA:128,16,1,1
BRF:34
BRH:34
end_of_record
TN:
SF:src/app/services/tags.service.ts
FN:24,constructor
FN:26,getAllTags
FN:45,renameTag
FN:49,deleteTag
FNF:4
FNH:4
FNDA:5,constructor
FNDA:2,getAllTags
FNDA:1,renameTag
FNDA:1,deleteTag
DA:21,3
DA:22,5
DA:24,5
DA:33,2
DA:39,2
DA:40,1
DA:42,2
DA:46,1
DA:50,1
LF:9
LH:9
BRDA:27,0,0,2
BRDA:28,1,0,2
BRDA:29,2,0,2
BRDA:30,3,0,2
BRDA:31,4,0,2
BRDA:39,5,0,1
BRDA:39,5,1,1
BRF:7
BRH:7
end_of_record
TN:
SF:src/app/utils/table-helper-server.ts
FN:35,constructor
FN:48,setData
FN:65,setSearch
FN:74,toggleSort
FN:88,setPage
FN:98,nextPage
FN:108,prevPage
FN:118,getParams
FN:131,emitParams
FN:138,isSorted
FN:145,getSortDirection
FNF:11
FNH:11
FNDA:79,constructor
FNDA:59,setData
FNDA:4,setSearch
FNDA:4,toggleSort
FNDA:4,setPage
FNDA:2,nextPage
FNDA:2,prevPage
FNDA:152,getParams
FNDA:11,emitParams
FNDA:602,isSorted
FNDA:126,getSortDirection
DA:17,79
DA:20,79
DA:21,79
DA:22,79
DA:23,79
DA:26,79
DA:27,79
DA:30,79
DA:33,79
DA:40,79
DA:41,79
DA:42,79
DA:55,59
DA:56,59
DA:57,59
DA:58,59
DA:59,59
DA:66,4
DA:67,4
DA:68,4
DA:75,4
DA:76,2
DA:78,2
DA:79,2
DA:81,4
DA:82,4
DA:89,4
DA:90,1
DA:91,1
DA:99,2
DA:100,1
DA:101,1
DA:109,2
DA:110,1
DA:111,1
DA:119,152
DA:132,11
DA:139,602
DA:146,126
LF:39
LH:39
BRDA:36,0,0,79
BRDA:37,1,0,79
BRDA:38,2,0,79
BRDA:55,3,0,59
BRDA:55,3,1,1
BRDA:75,4,0,2
BRDA:75,4,1,2
BRDA:76,5,0,1
BRDA:76,5,1,1
BRDA:89,6,0,1
BRDA:89,6,1,3
BRDA:89,7,0,4
BRDA:89,7,1,3
BRDA:99,8,0,1
BRDA:99,8,1,1
BRDA:109,9,0,1
BRDA:109,9,1,1
BRDA:146,10,0,125
BRDA:146,10,1,1
BRF:19
BRH:19
end_of_record
TN:
SF:src/app/utils/table-helper.ts
FN:22,constructor
FN:24,setData
FN:29,setSearch
FN:36,toggleSort
FN:46,setPage
FN:53,applyProcess
FN:59,(anonymous_6)
FN:60,(anonymous_7)
FN:70,(anonymous_8)
FN:93,updateSlice
FNF:10
FNH:10
FNDA:28,constructor
FNDA:32,setData
FNDA:9,setSearch
FNDA:14,toggleSort
FNDA:9,setPage
FNDA:55,applyProcess
FNDA:42,(anonymous_6)
FNDA:50,(anonymous_7)
FNDA:89,(anonymous_8)
FNDA:62,updateSlice
DA:3,28
DA:6,28
DA:7,28
DA:10,28
DA:11,28
DA:12,28
DA:15,28
DA:16,28
DA:19,28
DA:20,28
DA:25,32
DA:26,32
DA:30,9
DA:31,9
DA:32,9
DA:33,9
DA:37,14
DA:38,5
DA:40,9
DA:41,9
DA:43,14
DA:47,9
DA:48,7
DA:49,7
DA:54,55
DA:57,55
DA:58,9
DA:59,9
DA:60,42
DA:61,50
DA:62,50
DA:63,49
DA:69,55
DA:70,14
DA:71,89
DA:72,89
DA:74,89
DA:76,88
DA:78,89
DA:82,55
DA:83,55
DA:86,55
DA:87,1
DA:90,55
DA:94,62
DA:95,62
DA:96,62
LF:47
LH:47
BRDA:25,0,0,32
BRDA:25,0,1,1
BRDA:37,1,0,5
BRDA:37,1,1,9
BRDA:38,2,0,4
BRDA:38,2,1,1
BRDA:47,3,0,7
BRDA:47,3,1,2
BRDA:47,4,0,9
BRDA:47,4,1,8
BRDA:57,5,0,9
BRDA:57,5,1,46
BRDA:57,6,0,55
BRDA:57,6,1,9
BRDA:62,7,0,1
BRDA:62,7,1,49
BRDA:62,8,0,50
BRDA:62,8,1,49
BRDA:69,9,0,14
BRDA:69,9,1,41
BRDA:74,10,0,1
BRDA:74,10,1,88
BRDA:76,11,0,53
BRDA:76,11,1,35
BRDA:78,12,0,56
BRDA:78,12,1,32
BRDA:83,13,0,55
BRDA:83,13,1,3
BRDA:86,14,0,1
BRDA:86,14,1,54
BRF:30
BRH:30
end_of_record
TN:
SF:src/environments/environment.prod.ts
FNF:0
FNH:0
DA:3,0
LF:1
LH:0
BRF:0
BRH:0
end_of_record
TN:
SF:src/environments/environment.ts
FNF:0
FNH:0
DA:3,20
LF:1
LH:1
BRF:0
BRH:0
end_of_record
