============================= test session starts ==============================
platform darwin -- Python 3.13.11, pytest-9.0.2, pluggy-1.6.0 -- /Users/sergii.mavrov/Play/mavrov.de/backend/venv/bin/python
cachedir: .pytest_cache
rootdir: /Users/sergii.mavrov/Play/mavrov.de/backend
configfile: pyproject.toml
plugins: anyio-4.12.1, cov-4.1.0, asyncio-1.3.0, mock-3.12.0
asyncio: mode=Mode.AUTO, debug=False, asyncio_default_fixture_loop_scope=None, asyncio_default_test_loop_scope=function
collecting ... collected 40 items

tests/integration/test_post_workflow.py::test_complete_post_workflow PASSED [  2%]
tests/integration/test_post_workflow.py::test_multilingual_posts PASSED  [  5%]
tests/integration/test_post_workflow.py::test_similar_posts_workflow PASSED [  7%]
tests/test_api_edge_cases.py::test_list_posts_include_drafts FAILED      [ 10%]
tests/test_api_edge_cases.py::test_update_post_not_found FAILED          [ 12%]
tests/test_api_edge_cases.py::test_update_post_partial FAILED            [ 15%]
tests/test_api_edge_cases.py::test_delete_post_not_found FAILED          [ 17%]
tests/test_api_edge_cases.py::test_similar_posts_not_found PASSED        [ 20%]
tests/test_api_edge_cases.py::test_similar_posts_no_embedding FAILED     [ 22%]
tests/test_api_edge_cases.py::test_semantic_search_with_results PASSED   [ 25%]
tests/test_api_edge_cases.py::test_semantic_search_no_language_filter PASSED [ 27%]
tests/test_api_posts.py::test_list_posts_empty PASSED                    [ 30%]
tests/test_api_posts.py::test_create_post FAILED                         [ 32%]
tests/test_api_posts.py::test_get_post FAILED                            [ 35%]
tests/test_api_posts.py::test_get_post_not_found PASSED                  [ 37%]
tests/test_api_posts.py::test_update_post FAILED                         [ 40%]
tests/test_api_posts.py::test_delete_post FAILED                         [ 42%]
tests/test_api_posts.py::test_list_posts_with_filters FAILED             [ 45%]
tests/test_api_posts.py::test_similar_posts FAILED                       [ 47%]
tests/test_api_posts.py::test_semantic_search PASSED                     [ 50%]
tests/test_api_posts.py::test_semantic_search_no_embedding FAILED        [ 52%]
tests/test_api_responses.py::test_list_posts_with_data FAILED            [ 55%]
tests/test_api_responses.py::test_get_post_full_response FAILED          [ 57%]
tests/test_api_responses.py::test_update_post_full_response FAILED       [ 60%]
tests/test_api_responses.py::test_similar_posts_with_results FAILED      [ 62%]
tests/test_config.py::test_default_settings PASSED                       [ 65%]
tests/test_config.py::test_settings_from_env PASSED                      [ 67%]
tests/test_database.py::test_get_db_yields_session PASSED                [ 70%]
tests/test_database.py::test_db_session_fixture PASSED                   [ 72%]
tests/test_embeddings.py::test_get_embedding_success PASSED              [ 75%]
tests/test_embeddings.py::test_get_embedding_http_error PASSED           [ 77%]
tests/test_embeddings.py::test_get_embedding_connection_error PASSED     [ 80%]
tests/test_embeddings.py::test_get_embedding_timeout PASSED              [ 82%]
tests/test_embeddings.py::test_get_embedding_invalid_response PASSED     [ 85%]
tests/test_main.py::test_root_endpoint PASSED                            [ 87%]
tests/test_main.py::test_health_check PASSED                             [ 90%]
tests/test_models.py::test_create_post PASSED                            [ 92%]
tests/test_models.py::test_post_timestamps PASSED                        [ 95%]
tests/test_models.py::test_unique_slug_language_constraint PASSED        [ 97%]
tests/test_models.py::test_same_slug_different_language PASSED           [100%]

=================================== FAILURES ===================================
________________________ test_list_posts_include_drafts ________________________
tests/test_api_edge_cases.py:22: in test_list_posts_include_drafts
    assert len(data) == 2
E   assert 0 == 2
E    +  where 0 = len([])
__________________________ test_update_post_not_found __________________________
tests/test_api_edge_cases.py:29: in test_update_post_not_found
    assert response.status_code == 404
E   assert 401 == 404
E    +  where 401 = <Response [401 Unauthorized]>.status_code
___________________________ test_update_post_partial ___________________________
tests/test_api_edge_cases.py:49: in test_update_post_partial
    assert response.status_code == 200
E   assert 401 == 200
E    +  where 401 = <Response [401 Unauthorized]>.status_code
__________________________ test_delete_post_not_found __________________________
tests/test_api_edge_cases.py:59: in test_delete_post_not_found
    assert response.status_code == 404
E   assert 401 == 404
E    +  where 401 = <Response [401 Unauthorized]>.status_code
_______________________ test_similar_posts_no_embedding ________________________
tests/test_api_edge_cases.py:85: in test_similar_posts_no_embedding
    assert response.status_code == 200
E   assert 404 == 200
E    +  where 404 = <Response [404 Not Found]>.status_code
_______________________________ test_create_post _______________________________
tests/test_api_posts.py:29: in test_create_post
    assert response.status_code == 200
E   assert 401 == 200
E    +  where 401 = <Response [401 Unauthorized]>.status_code
________________________________ test_get_post _________________________________
tests/test_api_posts.py:56: in test_get_post
    assert response.status_code == 200
E   assert 404 == 200
E    +  where 404 = <Response [404 Not Found]>.status_code
_______________________________ test_update_post _______________________________
tests/test_api_posts.py:94: in test_update_post
    assert response.status_code == 200
E   assert 401 == 200
E    +  where 401 = <Response [401 Unauthorized]>.status_code
_______________________________ test_delete_post _______________________________
tests/test_api_posts.py:116: in test_delete_post
    assert response.status_code == 200
E   assert 401 == 200
E    +  where 401 = <Response [401 Unauthorized]>.status_code
_________________________ test_list_posts_with_filters _________________________
tests/test_api_posts.py:141: in test_list_posts_with_filters
    assert len(data) == 2
E   assert 0 == 2
E    +  where 0 = len([])
______________________________ test_similar_posts ______________________________
tests/test_api_posts.py:167: in test_similar_posts
    assert response.status_code == 200
E   assert 404 == 200
E    +  where 404 = <Response [404 Not Found]>.status_code
______________________ test_semantic_search_no_embedding _______________________
tests/test_api_posts.py:202: in test_semantic_search_no_embedding
    assert response.status_code == 400
E   assert 200 == 400
E    +  where 200 = <Response [200 OK]>.status_code
__________________________ test_list_posts_with_data ___________________________
tests/test_api_responses.py:36: in test_list_posts_with_data
    assert len(data) == 1
E   assert 0 == 1
E    +  where 0 = len([])
_________________________ test_get_post_full_response __________________________
tests/test_api_responses.py:66: in test_get_post_full_response
    assert "id" in created
E   AssertionError: assert 'id' in {'detail': 'Not authenticated'}
________________________ test_update_post_full_response ________________________
tests/test_api_responses.py:115: in test_update_post_full_response
    assert response.status_code == 200
E   assert 401 == 200
E    +  where 401 = <Response [401 Unauthorized]>.status_code
_______________________ test_similar_posts_with_results ________________________
tests/test_api_responses.py:141: in test_similar_posts_with_results
    assert response.status_code == 200
E   assert 404 == 200
E    +  where 404 = <Response [404 Not Found]>.status_code
=============================== warnings summary ===============================
venv/lib/python3.13/site-packages/pydantic/_internal/_config.py:291
venv/lib/python3.13/site-packages/pydantic/_internal/_config.py:291
venv/lib/python3.13/site-packages/pydantic/_internal/_config.py:291
venv/lib/python3.13/site-packages/pydantic/_internal/_config.py:291
  /Users/sergii.mavrov/Play/mavrov.de/backend/venv/lib/python3.13/site-packages/pydantic/_internal/_config.py:291: PydanticDeprecatedSince20: Support for class-based `config` is deprecated, use ConfigDict instead. Deprecated in Pydantic V2.0 to be removed in V3.0. See Pydantic V2 Migration Guide at https://errors.pydantic.dev/2.9/migration/
    warnings.warn(DEPRECATION_MESSAGE, DeprecationWarning)

tests/integration/test_post_workflow.py: 13 warnings
tests/test_models.py: 12 warnings
  /Users/sergii.mavrov/Play/mavrov.de/backend/venv/lib/python3.13/site-packages/sqlalchemy/sql/schema.py:3596: DeprecationWarning: datetime.datetime.utcnow() is deprecated and scheduled for removal in a future version. Use timezone-aware objects to represent datetimes in UTC: datetime.datetime.now(datetime.UTC).
    return util.wrap_callable(lambda ctx: fn(), fn)  # type: ignore

-- Docs: https://docs.pytest.org/en/stable/how-to/capture-warnings.html

--------- coverage: platform darwin, python 3.13.11-final-0 ----------
Name                         Stmts   Miss  Cover   Missing
----------------------------------------------------------
app/__init__.py                  0      0   100%
app/api/__init__.py              0      0   100%
app/api/auth.py                 36     10    72%   47-72, 82
app/api/posts.py               141     51    64%   89-90, 112-122, 158-160, 182-209, 230-238, 249-274, 297, 314-316
app/config.py                   12      0   100%
app/database.py                 10      0   100%
app/main.py                     23      4    83%   15-18
app/models/__init__.py           2      0   100%
app/models/post.py              19      0   100%
app/models/user.py              13      0   100%
app/services/__init__.py         0      0   100%
app/services/auth.py            66     44    33%   22, 27-29, 34-42, 47-51, 59-82, 93-107, 112-117
app/services/embeddings.py      12      0   100%
----------------------------------------------------------
TOTAL                          334    109    67%
Coverage HTML written to dir htmlcov

=========================== short test summary info ============================
FAILED tests/test_api_edge_cases.py::test_list_posts_include_drafts - assert ...
FAILED tests/test_api_edge_cases.py::test_update_post_not_found - assert 401 ...
FAILED tests/test_api_edge_cases.py::test_update_post_partial - assert 401 ==...
FAILED tests/test_api_edge_cases.py::test_delete_post_not_found - assert 401 ...
FAILED tests/test_api_edge_cases.py::test_similar_posts_no_embedding - assert...
FAILED tests/test_api_posts.py::test_create_post - assert 401 == 200
FAILED tests/test_api_posts.py::test_get_post - assert 404 == 200
FAILED tests/test_api_posts.py::test_update_post - assert 401 == 200
FAILED tests/test_api_posts.py::test_delete_post - assert 401 == 200
FAILED tests/test_api_posts.py::test_list_posts_with_filters - assert 0 == 2
FAILED tests/test_api_posts.py::test_similar_posts - assert 404 == 200
FAILED tests/test_api_posts.py::test_semantic_search_no_embedding - assert 20...
FAILED tests/test_api_responses.py::test_list_posts_with_data - assert 0 == 1
FAILED tests/test_api_responses.py::test_get_post_full_response - AssertionEr...
FAILED tests/test_api_responses.py::test_update_post_full_response - assert 4...
FAILED tests/test_api_responses.py::test_similar_posts_with_results - assert ...
================== 16 failed, 24 passed, 29 warnings in 3.93s ==================
